{
  message: 'Ocurre un error en: metodo "error" de project.controller',
  level: 'error',
  timestamp: '06-12-2023 05:04:25'
}
{
  message: 'Ocurre un error en: metodo "error" de project.controller',
  level: 'error',
  timestamp: '06-12-2023 07:29:47'
}
{
  message: 'Ocurre un error en: metodo "error" de project.controller',
  level: 'error',
  timestamp: '06-12-2023 07:32:23'
}
{
  message: 'Ocurre un error en: metodo "error" de project.controller',
  level: 'error',
  timestamp: '06-12-2023 07:35:11'
}
{
  message: 'Ocurre un error en: metodo "error" de project.controller',
  level: 'error',
  timestamp: '06-12-2023 07:35:13'
}
{
  message: 'Ocurre un error en: metodo "error" de project.controller',
  level: 'error',
  timestamp: '06-12-2023 07:35:13'
}
{
  message: 'Ocurre un error en: metodo "error" de project.controller',
  level: 'error',
  timestamp: '06-12-2023 07:35:13'
}
{
  message: 'Ocurre un error en: metodo "error" de project.controller',
  level: 'error',
  timestamp: '06-12-2023 07:35:18'
}
