{"level":"info","message":"The server is created from the express instance","timestamp":"02-12-2023 04:18:45"}
{"level":"info","message":"⭐⭐ Listening on undefined:3000 ⭐⭐","timestamp":"02-12-2023 04:18:45"}
{"level":"info","message":"GET / 200 80.330 ms - 124\n","timestamp":"02-12-2023 04:18:53"}
{"level":"info","message":"404 Pagina no encontrada GET /favicon.ico","timestamp":"02-12-2023 04:18:53"}
{"level":"info","message":"GET /favicon.ico 404 4.682 ms - 2241\n","timestamp":"02-12-2023 04:18:53"}
{"level":"info","message":"GET / 304 2.466 ms - -\n","timestamp":"02-12-2023 04:22:11"}
{"level":"info","message":"GET / 200 1.643 ms - 124\n","timestamp":"02-12-2023 04:22:13"}
{"level":"info","message":"GET / 304 10.266 ms - -\n","timestamp":"02-12-2023 04:22:14"}
{"level":"info","message":"GET / 304 1.743 ms - -\n","timestamp":"02-12-2023 04:22:15"}
{"level":"info","message":"GET / 304 5.309 ms - -\n","timestamp":"02-12-2023 04:22:15"}
{"level":"info","message":"GET / 304 1.293 ms - -\n","timestamp":"02-12-2023 04:23:34"}
{"level":"info","message":"GET / 200 6.533 ms - 124\n","timestamp":"02-12-2023 04:23:34"}
{"level":"info","message":"GET / 304 1.478 ms - -\n","timestamp":"02-12-2023 04:23:35"}
{"level":"info","message":"GET / 304 20.541 ms - -\n","timestamp":"02-12-2023 04:23:35"}
{"level":"info","message":"GET / 304 1.211 ms - -\n","timestamp":"02-12-2023 04:25:33"}
{"level":"info","message":"GET / 200 1.167 ms - 124\n","timestamp":"02-12-2023 04:26:54"}
{
  message: 'The server is created from the express instance',
  level: 'info',
  timestamp: '03-12-2023 21:28:36'
}
{
  message: '⭐⭐ Listening on http://localhost:5000 ⭐⭐',
  level: 'info',
  timestamp: '03-12-2023 21:28:36'
}
{
  message: '✅ Conectado a Mongodb',
  level: 'info',
  timestamp: '03-12-2023 21:28:36'
}
{
  message: '✅ Verificación de conexión a db existosa.',
  level: 'info',
  timestamp: '03-12-2023 21:28:46'
}
{
  message: 'GET / 200 23.186 ms - 1015\n',
  level: 'info',
  timestamp: '03-12-2023 21:28:46'
}
{
  message: '✅ Verificación de conexión a db existosa.',
  level: 'info',
  timestamp: '03-12-2023 21:28:47'
}
{
  message: 'GET /favicon.ico 404 2.180 ms - 150\n',
  level: 'info',
  timestamp: '03-12-2023 21:28:47'
}
{
  message: 'The server is created from the express instance',
  level: 'info',
  timestamp: '03-12-2023 23:21:25'
}
{
  message: '⭐⭐ Listening on http://localhost:5000 ⭐⭐',
  level: 'info',
  timestamp: '03-12-2023 23:21:25'
}
{
  message: '✅ Conectado a Mongodb',
  level: 'info',
  timestamp: '03-12-2023 23:21:25'
}
{
  message: '✅ Verificación de conexión a db existosa.',
  level: 'info',
  timestamp: '03-12-2023 23:21:33'
}
{
  message: 'GET / 200 49.407 ms - 5192\n',
  level: 'info',
  timestamp: '03-12-2023 23:21:33'
}
{
  message: '✅ Verificación de conexión a db existosa.',
  level: 'info',
  timestamp: '03-12-2023 23:21:34'
}
{
  message: 'GET /favicon.png 404 14.672 ms - 150\n',
  level: 'info',
  timestamp: '03-12-2023 23:21:34'
}
{
  message: '✅ Verificación de conexión a db existosa.',
  level: 'info',
  timestamp: '03-12-2023 23:21:38'
}
{
  message: 'GET / 304 33.562 ms - -\n',
  level: 'info',
  timestamp: '03-12-2023 23:21:38'
}
{
  message: '✅ Verificación de conexión a db existosa.',
  level: 'info',
  timestamp: '03-12-2023 23:21:39'
}
{
  message: 'GET /about 200 19.263 ms - 5079\n',
  level: 'info',
  timestamp: '03-12-2023 23:21:39'
}
{
  message: '✅ Verificación de conexión a db existosa.',
  level: 'info',
  timestamp: '03-12-2023 23:21:42'
}
{
  message: 'Se entrega dashboard de proyectos',
  level: 'info',
  timestamp: '03-12-2023 23:21:42'
}
{
  message: 'GET /project 200 27.810 ms - 4720\n',
  level: 'info',
  timestamp: '03-12-2023 23:21:42'
}
{
  message: '✅ Verificación de conexión a db existosa.',
  level: 'info',
  timestamp: '03-12-2023 23:21:44'
}
{
  message: 'GET /project/add 200 22.817 ms - 6510\n',
  level: 'info',
  timestamp: '03-12-2023 23:21:44'
}
{
  message: '✅ Verificación de conexión a db existosa.',
  level: 'info',
  timestamp: '03-12-2023 23:21:45'
}
{
  message: 'GET /images/addproject.png 404 12.248 ms - 160\n',
  level: 'info',
  timestamp: '03-12-2023 23:21:45'
}
{
  message: '✅ Verificación de conexión a db existosa.',
  level: 'info',
  timestamp: '03-12-2023 23:21:48'
}
{
  message: 'Se entrega formulario de login',
  level: 'info',
  timestamp: '03-12-2023 23:21:48'
}
{
  message: 'GET /user/login 200 28.469 ms - 5730\n',
  level: 'info',
  timestamp: '03-12-2023 23:21:48'
}
{
  message: '✅ Verificación de conexión a db existosa.',
  level: 'info',
  timestamp: '03-12-2023 23:21:48'
}
{
  message: 'GET /images/project.jpg 404 2.279 ms - 157\n',
  level: 'info',
  timestamp: '03-12-2023 23:21:48'
}
{
  message: '✅ Verificación de conexión a db existosa.',
  level: 'info',
  timestamp: '03-12-2023 23:21:50'
}
{
  message: 'Se entrega formulario de registro',
  level: 'info',
  timestamp: '03-12-2023 23:21:50'
}
{
  message: 'GET /user/register 200 10.516 ms - 6434\n',
  level: 'info',
  timestamp: '03-12-2023 23:21:50'
}
{
  message: '✅ Verificación de conexión a db existosa.',
  level: 'info',
  timestamp: '03-12-2023 23:21:53'
}
{
  message: 'GET /user/logout 200 4.180 ms - 43\n',
  level: 'info',
  timestamp: '03-12-2023 23:21:53'
}
{
  message: 'The server is created from the express instance',
  level: 'info',
  timestamp: '04-12-2023 05:46:23'
}
{
  message: '⭐⭐ Listening on http://localhost:5000 ⭐⭐',
  level: 'info',
  timestamp: '04-12-2023 05:46:23'
}
{
  message: '✅ Conectado a Mongodb',
  level: 'info',
  timestamp: '04-12-2023 05:46:23'
}
{
  message: '✅ Verificación de conexión a db existosa.',
  level: 'info',
  timestamp: '04-12-2023 05:46:31'
}
{
  message: 'GET / 200 59.774 ms - 5193\n',
  level: 'info',
  timestamp: '04-12-2023 05:46:32'
}
{
  message: '✅ Verificación de conexión a db existosa.',
  level: 'info',
  timestamp: '04-12-2023 05:46:34'
}
{
  message: 'GET /favicon.png 404 81.523 ms - 150\n',
  level: 'info',
  timestamp: '04-12-2023 05:46:34'
}
{
  message: '✅ Verificación de conexión a db existosa.',
  level: 'info',
  timestamp: '04-12-2023 05:50:30'
}
{
  message: 'GET / 200 15.509 ms - 5130\n',
  level: 'info',
  timestamp: '04-12-2023 05:50:30'
}
{
  message: '✅ Verificación de conexión a db existosa.',
  level: 'info',
  timestamp: '04-12-2023 05:51:44'
}
{
  message: 'GET / 200 13.915 ms - 5214\n',
  level: 'info',
  timestamp: '04-12-2023 05:51:44'
}
{
  message: '✅ Verificación de conexión a db existosa.',
  level: 'info',
  timestamp: '04-12-2023 05:52:06'
}
{
  message: 'GET / 200 24.500 ms - 5222\n',
  level: 'info',
  timestamp: '04-12-2023 05:52:06'
}
{
  message: '✅ Verificación de conexión a db existosa.',
  level: 'info',
  timestamp: '04-12-2023 05:52:20'
}
{
  message: 'GET / 200 11.477 ms - 5223\n',
  level: 'info',
  timestamp: '04-12-2023 05:52:20'
}
{
  message: '✅ Verificación de conexión a db existosa.',
  level: 'info',
  timestamp: '04-12-2023 05:52:30'
}
{
  message: 'GET / 200 29.603 ms - 5222\n',
  level: 'info',
  timestamp: '04-12-2023 05:52:30'
}
{
  message: '✅ Verificación de conexión a db existosa.',
  level: 'info',
  timestamp: '04-12-2023 05:53:01'
}
{
  message: 'GET / 200 19.399 ms - 5234\n',
  level: 'info',
  timestamp: '04-12-2023 05:53:01'
}
{
  message: '✅ Verificación de conexión a db existosa.',
  level: 'info',
  timestamp: '04-12-2023 05:53:52'
}
{
  message: 'GET / 200 9.738 ms - 5278\n',
  level: 'info',
  timestamp: '04-12-2023 05:53:52'
}
{
  message: 'The server is created from the express instance',
  level: 'info',
  timestamp: '04-12-2023 05:56:55'
}
{
  message: '⭐⭐ Listening on http://localhost:5000 ⭐⭐',
  level: 'info',
  timestamp: '04-12-2023 05:56:55'
}
{
  message: '✅ Conectado a Mongodb',
  level: 'info',
  timestamp: '04-12-2023 05:56:55'
}
{
  message: 'The server is created from the express instance',
  level: 'info',
  timestamp: '04-12-2023 05:57:01'
}
{
  message: '⭐⭐ Listening on http://localhost:5000 ⭐⭐',
  level: 'info',
  timestamp: '04-12-2023 05:57:02'
}
{
  message: '✅ Conectado a Mongodb',
  level: 'info',
  timestamp: '04-12-2023 05:57:02'
}
{
  message: '✅ Verificación de conexión a db existosa.',
  level: 'info',
  timestamp: '04-12-2023 05:57:05'
}
{
  message: 'GET /main.645d354d187b1c9d74c8.hot-update.json 404 9.817 ms - 180\n',
  level: 'info',
  timestamp: '04-12-2023 05:57:05'
}
{
  message: '✅ Verificación de conexión a db existosa.',
  level: 'info',
  timestamp: '04-12-2023 05:57:05'
}
{
  message: 'GET / 200 29.403 ms - 5274\n',
  level: 'info',
  timestamp: '04-12-2023 05:57:05'
}
{
  message: 'The server is created from the express instance',
  level: 'info',
  timestamp: '04-12-2023 05:57:21'
}
{
  message: '⭐⭐ Listening on http://localhost:5000 ⭐⭐',
  level: 'info',
  timestamp: '04-12-2023 05:57:21'
}
{
  message: '✅ Conectado a Mongodb',
  level: 'info',
  timestamp: '04-12-2023 05:57:21'
}
{
  message: '✅ Verificación de conexión a db existosa.',
  level: 'info',
  timestamp: '04-12-2023 05:57:25'
}
{
  message: 'GET /main.04408c5377b7cd1e0d7e.hot-update.json 404 22.582 ms - 180\n',
  level: 'info',
  timestamp: '04-12-2023 05:57:25'
}
{
  message: '✅ Verificación de conexión a db existosa.',
  level: 'info',
  timestamp: '04-12-2023 05:57:25'
}
{
  message: 'GET / 304 124.417 ms - -\n',
  level: 'info',
  timestamp: '04-12-2023 05:57:25'
}
{
  message: 'The server is created from the express instance',
  level: 'info',
  timestamp: '04-12-2023 05:57:33'
}
{
  message: '⭐⭐ Listening on http://localhost:5000 ⭐⭐',
  level: 'info',
  timestamp: '04-12-2023 05:57:33'
}
{
  message: '✅ Conectado a Mongodb',
  level: 'info',
  timestamp: '04-12-2023 05:57:33'
}
{
  message: 'The server is created from the express instance',
  level: 'info',
  timestamp: '04-12-2023 05:57:38'
}
{
  message: '⭐⭐ Listening on http://localhost:5000 ⭐⭐',
  level: 'info',
  timestamp: '04-12-2023 05:57:38'
}
{
  message: '✅ Conectado a Mongodb',
  level: 'info',
  timestamp: '04-12-2023 05:57:38'
}
{
  message: 'The server is created from the express instance',
  level: 'info',
  timestamp: '04-12-2023 05:57:42'
}
{
  message: '⭐⭐ Listening on http://localhost:5000 ⭐⭐',
  level: 'info',
  timestamp: '04-12-2023 05:57:42'
}
{
  message: '✅ Conectado a Mongodb',
  level: 'info',
  timestamp: '04-12-2023 05:57:43'
}
{
  message: 'The server is created from the express instance',
  level: 'info',
  timestamp: '04-12-2023 05:57:46'
}
{
  message: '⭐⭐ Listening on http://localhost:5000 ⭐⭐',
  level: 'info',
  timestamp: '04-12-2023 05:57:46'
}
{
  message: '✅ Conectado a Mongodb',
  level: 'info',
  timestamp: '04-12-2023 05:57:46'
}
{
  message: 'The server is created from the express instance',
  level: 'info',
  timestamp: '04-12-2023 05:57:52'
}
{
  message: '⭐⭐ Listening on http://localhost:5000 ⭐⭐',
  level: 'info',
  timestamp: '04-12-2023 05:57:53'
}
{
  message: '✅ Conectado a Mongodb',
  level: 'info',
  timestamp: '04-12-2023 05:57:53'
}
{
  message: 'The server is created from the express instance',
  level: 'info',
  timestamp: '04-12-2023 05:57:59'
}
{
  message: '⭐⭐ Listening on http://localhost:5000 ⭐⭐',
  level: 'info',
  timestamp: '04-12-2023 05:57:59'
}
{
  message: '✅ Conectado a Mongodb',
  level: 'info',
  timestamp: '04-12-2023 05:57:59'
}
{
  message: 'The server is created from the express instance',
  level: 'info',
  timestamp: '04-12-2023 05:58:10'
}
{
  message: '⭐⭐ Listening on http://localhost:5000 ⭐⭐',
  level: 'info',
  timestamp: '04-12-2023 05:58:10'
}
{
  message: '✅ Conectado a Mongodb',
  level: 'info',
  timestamp: '04-12-2023 05:58:10'
}
{
  message: '✅ Verificación de conexión a db existosa.',
  level: 'info',
  timestamp: '04-12-2023 05:58:13'
}
{
  message: 'GET / 304 34.745 ms - -\n',
  level: 'info',
  timestamp: '04-12-2023 05:58:13'
}
{
  message: '✅ Verificación de conexión a db existosa.',
  level: 'info',
  timestamp: '04-12-2023 05:59:30'
}
{
  message: 'GET / 200 16.623 ms - 5274\n',
  level: 'info',
  timestamp: '04-12-2023 05:59:30'
}
{
  message: '✅ Verificación de conexión a db existosa.',
  level: 'info',
  timestamp: '04-12-2023 05:59:32'
}
{
  message: 'GET /project/add 200 38.254 ms - 6510\n',
  level: 'info',
  timestamp: '04-12-2023 05:59:32'
}
{
  message: '✅ Verificación de conexión a db existosa.',
  level: 'info',
  timestamp: '04-12-2023 05:59:32'
}
{
  message: 'GET /images/addproject.png 404 14.205 ms - 160\n',
  level: 'info',
  timestamp: '04-12-2023 05:59:32'
}
{
  message: '✅ Verificación de conexión a db existosa.',
  level: 'info',
  timestamp: '04-12-2023 06:00:28'
}
{
  message: 'GET /project/add 200 39.065 ms - 6530\n',
  level: 'info',
  timestamp: '04-12-2023 06:00:28'
}
{
  message: '✅ Verificación de conexión a db existosa.',
  level: 'info',
  timestamp: '04-12-2023 06:00:28'
}
{
  message: 'GET /images/addproject.png 404 9.234 ms - 160\n',
  level: 'info',
  timestamp: '04-12-2023 06:00:28'
}
{
  message: '✅ Verificación de conexión a db existosa.',
  level: 'info',
  timestamp: '04-12-2023 06:00:47'
}
{
  message: 'GET / 200 17.886 ms - 5274\n',
  level: 'info',
  timestamp: '04-12-2023 06:00:47'
}
{
  message: '✅ Verificación de conexión a db existosa.',
  level: 'info',
  timestamp: '04-12-2023 06:01:43'
}
{
  message: 'GET /project/add 200 21.965 ms - 6508\n',
  level: 'info',
  timestamp: '04-12-2023 06:01:43'
}
{
  message: '✅ Verificación de conexión a db existosa.',
  level: 'info',
  timestamp: '04-12-2023 06:01:45'
}
{
  message: 'GET /project/add 200 11.129 ms - 6508\n',
  level: 'info',
  timestamp: '04-12-2023 06:01:45'
}
{
  message: '✅ Verificación de conexión a db existosa.',
  level: 'info',
  timestamp: '04-12-2023 06:01:59'
}
{
  message: 'GET /project/add 200 12.341 ms - 6463\n',
  level: 'info',
  timestamp: '04-12-2023 06:01:59'
}
{
  message: '✅ Verificación de conexión a db existosa.',
  level: 'info',
  timestamp: '04-12-2023 06:02:36'
}
{
  message: 'GET /project/add 200 10.967 ms - 6307\n',
  level: 'info',
  timestamp: '04-12-2023 06:02:36'
}
{
  message: '✅ Verificación de conexión a db existosa.',
  level: 'info',
  timestamp: '04-12-2023 06:02:45'
}
{
  message: 'GET /project/add 200 14.789 ms - 6462\n',
  level: 'info',
  timestamp: '04-12-2023 06:02:45'
}
{
  message: '✅ Verificación de conexión a db existosa.',
  level: 'info',
  timestamp: '04-12-2023 06:05:04'
}
{
  message: 'GET /project/add 304 10.292 ms - -\n',
  level: 'info',
  timestamp: '04-12-2023 06:05:04'
}
{
  message: '✅ Verificación de conexión a db existosa.',
  level: 'info',
  timestamp: '04-12-2023 06:10:48'
}
{
  message: 'GET /project/add 200 10.485 ms - 4692\n',
  level: 'info',
  timestamp: '04-12-2023 06:10:48'
}
{
  message: '✅ Verificación de conexión a db existosa.',
  level: 'info',
  timestamp: '04-12-2023 06:12:58'
}
{
  message: 'GET /project/add 200 10.651 ms - 6010\n',
  level: 'info',
  timestamp: '04-12-2023 06:12:58'
}
{
  message: '✅ Verificación de conexión a db existosa.',
  level: 'info',
  timestamp: '04-12-2023 06:13:05'
}
{
  message: 'GET /project/add 200 16.541 ms - 6010\n',
  level: 'info',
  timestamp: '04-12-2023 06:13:06'
}
{
  message: '✅ Verificación de conexión a db existosa.',
  level: 'info',
  timestamp: '04-12-2023 06:13:21'
}
{
  message: 'GET /project/add 200 16.249 ms - 5996\n',
  level: 'info',
  timestamp: '04-12-2023 06:13:21'
}
{
  message: '✅ Verificación de conexión a db existosa.',
  level: 'info',
  timestamp: '04-12-2023 06:13:56'
}
{
  message: 'GET /project/add 500 48.571 ms - 1450\n',
  level: 'info',
  timestamp: '04-12-2023 06:13:56'
}
{
  message: '✅ Verificación de conexión a db existosa.',
  level: 'info',
  timestamp: '04-12-2023 06:13:57'
}
{
  message: 'GET /project/add 500 6.070 ms - 1450\n',
  level: 'info',
  timestamp: '04-12-2023 06:13:57'
}
{
  message: '✅ Verificación de conexión a db existosa.',
  level: 'info',
  timestamp: '04-12-2023 06:13:58'
}
{
  message: 'GET /project/add 500 5.637 ms - 1450\n',
  level: 'info',
  timestamp: '04-12-2023 06:13:58'
}
{
  message: '✅ Verificación de conexión a db existosa.',
  level: 'info',
  timestamp: '04-12-2023 06:13:58'
}
{
  message: 'GET /project/add 500 7.880 ms - 1450\n',
  level: 'info',
  timestamp: '04-12-2023 06:13:58'
}
{
  message: '✅ Verificación de conexión a db existosa.',
  level: 'info',
  timestamp: '04-12-2023 06:13:58'
}
{
  message: 'GET /project/add 500 6.907 ms - 1450\n',
  level: 'info',
  timestamp: '04-12-2023 06:13:58'
}
{
  message: '✅ Verificación de conexión a db existosa.',
  level: 'info',
  timestamp: '04-12-2023 06:13:59'
}
{
  message: 'GET /project/add 500 13.379 ms - 1450\n',
  level: 'info',
  timestamp: '04-12-2023 06:13:59'
}
{
  message: '✅ Verificación de conexión a db existosa.',
  level: 'info',
  timestamp: '04-12-2023 06:14:12'
}
{
  message: 'GET /project/add 200 9.818 ms - 5996\n',
  level: 'info',
  timestamp: '04-12-2023 06:14:12'
}
{
  message: '✅ Verificación de conexión a db existosa.',
  level: 'info',
  timestamp: '04-12-2023 06:14:29'
}
{
  message: 'GET /project/add 200 6.657 ms - 6003\n',
  level: 'info',
  timestamp: '04-12-2023 06:14:29'
}
{
  message: '✅ Verificación de conexión a db existosa.',
  level: 'info',
  timestamp: '04-12-2023 06:14:43'
}
{
  message: 'GET /project/add 200 7.397 ms - 6003\n',
  level: 'info',
  timestamp: '04-12-2023 06:14:43'
}
{
  message: '✅ Verificación de conexión a db existosa.',
  level: 'info',
  timestamp: '04-12-2023 06:15:05'
}
{
  message: 'GET /project/add 200 10.477 ms - 6018\n',
  level: 'info',
  timestamp: '04-12-2023 06:15:05'
}
{
  message: '✅ Verificación de conexión a db existosa.',
  level: 'info',
  timestamp: '04-12-2023 06:16:53'
}
{
  message: 'GET /project/add 200 7.081 ms - 6030\n',
  level: 'info',
  timestamp: '04-12-2023 06:16:53'
}
{
  message: '✅ Verificación de conexión a db existosa.',
  level: 'info',
  timestamp: '04-12-2023 06:17:14'
}
{
  message: 'GET /project/add 200 15.380 ms - 6030\n',
  level: 'info',
  timestamp: '04-12-2023 06:17:14'
}
{
  message: '✅ Verificación de conexión a db existosa.',
  level: 'info',
  timestamp: '04-12-2023 06:17:28'
}
{
  message: 'GET /project/add 200 17.289 ms - 6030\n',
  level: 'info',
  timestamp: '04-12-2023 06:17:28'
}
{
  message: '✅ Verificación de conexión a db existosa.',
  level: 'info',
  timestamp: '04-12-2023 06:17:49'
}
{
  message: 'GET /project/add 200 11.152 ms - 6128\n',
  level: 'info',
  timestamp: '04-12-2023 06:17:49'
}
{
  message: '✅ Verificación de conexión a db existosa.',
  level: 'info',
  timestamp: '04-12-2023 06:18:18'
}
{
  message: 'GET /project/add 200 11.960 ms - 6428\n',
  level: 'info',
  timestamp: '04-12-2023 06:18:18'
}
{
  message: '✅ Verificación de conexión a db existosa.',
  level: 'info',
  timestamp: '04-12-2023 06:21:12'
}
{
  message: 'GET /project/add 200 13.140 ms - 6563\n',
  level: 'info',
  timestamp: '04-12-2023 06:21:12'
}
{
  message: '✅ Verificación de conexión a db existosa.',
  level: 'info',
  timestamp: '04-12-2023 06:21:57'
}
{
  message: 'GET /project/add 200 7.685 ms - 7286\n',
  level: 'info',
  timestamp: '04-12-2023 06:21:57'
}
{
  message: '✅ Verificación de conexión a db existosa.',
  level: 'info',
  timestamp: '04-12-2023 06:24:02'
}
{
  message: 'GET /project/add 200 11.445 ms - 7286\n',
  level: 'info',
  timestamp: '04-12-2023 06:24:02'
}
{
  message: '✅ Verificación de conexión a db existosa.',
  level: 'info',
  timestamp: '04-12-2023 06:24:49'
}
{
  message: 'GET /project/add 200 7.494 ms - 7401\n',
  level: 'info',
  timestamp: '04-12-2023 06:24:49'
}
{
  message: '✅ Verificación de conexión a db existosa.',
  level: 'info',
  timestamp: '04-12-2023 06:25:28'
}
{
  message: 'GET /project/add 200 7.173 ms - 7402\n',
  level: 'info',
  timestamp: '04-12-2023 06:25:28'
}
{
  message: '✅ Verificación de conexión a db existosa.',
  level: 'info',
  timestamp: '04-12-2023 06:25:49'
}
{
  message: 'GET /project/add 200 8.148 ms - 7401\n',
  level: 'info',
  timestamp: '04-12-2023 06:25:49'
}
{
  message: '✅ Verificación de conexión a db existosa.',
  level: 'info',
  timestamp: '04-12-2023 06:25:58'
}
{
  message: 'GET /project/add 200 10.190 ms - 7402\n',
  level: 'info',
  timestamp: '04-12-2023 06:25:58'
}
{
  message: '✅ Verificación de conexión a db existosa.',
  level: 'info',
  timestamp: '04-12-2023 06:26:08'
}
{
  message: 'GET /project/add 200 6.749 ms - 7388\n',
  level: 'info',
  timestamp: '04-12-2023 06:26:08'
}
{
  message: '✅ Verificación de conexión a db existosa.',
  level: 'info',
  timestamp: '04-12-2023 06:27:27'
}
{
  message: 'GET /project/add 304 15.620 ms - -\n',
  level: 'info',
  timestamp: '04-12-2023 06:27:27'
}
{
  message: '✅ Verificación de conexión a db existosa.',
  level: 'info',
  timestamp: '04-12-2023 06:32:37'
}
{
  message: 'GET /project/add 304 17.837 ms - -\n',
  level: 'info',
  timestamp: '04-12-2023 06:32:37'
}
{
  message: '✅ Verificación de conexión a db existosa.',
  level: 'info',
  timestamp: '04-12-2023 06:32:39'
}
{
  message: 'GET / 200 10.849 ms - 5376\n',
  level: 'info',
  timestamp: '04-12-2023 06:32:39'
}
{
  message: '✅ Verificación de conexión a db existosa.',
  level: 'info',
  timestamp: '04-12-2023 06:33:38'
}
{
  message: 'GET / 200 14.592 ms - 5369\n',
  level: 'info',
  timestamp: '04-12-2023 06:33:38'
}
{
  message: '✅ Verificación de conexión a db existosa.',
  level: 'info',
  timestamp: '04-12-2023 06:33:58'
}
{
  message: 'GET / 200 17.043 ms - 5371\n',
  level: 'info',
  timestamp: '04-12-2023 06:33:58'
}
{
  message: '✅ Verificación de conexión a db existosa.',
  level: 'info',
  timestamp: '04-12-2023 06:34:15'
}
{
  message: 'GET / 200 18.480 ms - 5371\n',
  level: 'info',
  timestamp: '04-12-2023 06:34:15'
}
{
  message: '✅ Verificación de conexión a db existosa.',
  level: 'info',
  timestamp: '04-12-2023 06:34:46'
}
{
  message: 'GET / 200 10.032 ms - 5372\n',
  level: 'info',
  timestamp: '04-12-2023 06:34:46'
}
{
  message: '✅ Verificación de conexión a db existosa.',
  level: 'info',
  timestamp: '04-12-2023 06:35:57'
}
{
  message: 'GET / 200 15.954 ms - 5371\n',
  level: 'info',
  timestamp: '04-12-2023 06:35:57'
}
{
  message: '✅ Verificación de conexión a db existosa.',
  level: 'info',
  timestamp: '04-12-2023 06:36:18'
}
{
  message: 'GET / 200 16.451 ms - 5372\n',
  level: 'info',
  timestamp: '04-12-2023 06:36:18'
}
{
  message: '✅ Verificación de conexión a db existosa.',
  level: 'info',
  timestamp: '04-12-2023 06:36:32'
}
{
  message: 'GET / 200 12.735 ms - 5370\n',
  level: 'info',
  timestamp: '04-12-2023 06:36:32'
}
{
  message: '✅ Verificación de conexión a db existosa.',
  level: 'info',
  timestamp: '04-12-2023 06:36:44'
}
{
  message: 'GET / 200 12.095 ms - 5366\n',
  level: 'info',
  timestamp: '04-12-2023 06:36:44'
}
{
  message: '✅ Verificación de conexión a db existosa.',
  level: 'info',
  timestamp: '04-12-2023 06:36:56'
}
{
  message: 'GET / 200 15.837 ms - 5369\n',
  level: 'info',
  timestamp: '04-12-2023 06:36:56'
}
{
  message: '✅ Verificación de conexión a db existosa.',
  level: 'info',
  timestamp: '04-12-2023 06:37:16'
}
{
  message: 'GET / 200 10.767 ms - 5364\n',
  level: 'info',
  timestamp: '04-12-2023 06:37:16'
}
{
  message: '✅ Verificación de conexión a db existosa.',
  level: 'info',
  timestamp: '04-12-2023 06:37:18'
}
{
  message: 'GET / 200 7.779 ms - 5364\n',
  level: 'info',
  timestamp: '04-12-2023 06:37:18'
}
{
  message: '✅ Verificación de conexión a db existosa.',
  level: 'info',
  timestamp: '04-12-2023 06:38:01'
}
{
  message: 'GET / 200 17.833 ms - 5379\n',
  level: 'info',
  timestamp: '04-12-2023 06:38:01'
}
{
  message: '✅ Verificación de conexión a db existosa.',
  level: 'info',
  timestamp: '04-12-2023 06:38:14'
}
{
  message: 'GET / 200 10.524 ms - 5379\n',
  level: 'info',
  timestamp: '04-12-2023 06:38:14'
}
{
  message: '✅ Verificación de conexión a db existosa.',
  level: 'info',
  timestamp: '04-12-2023 06:38:30'
}
{
  message: 'GET / 200 12.908 ms - 5378\n',
  level: 'info',
  timestamp: '04-12-2023 06:38:30'
}
{
  message: '✅ Verificación de conexión a db existosa.',
  level: 'info',
  timestamp: '04-12-2023 06:38:33'
}
{
  message: 'GET / 304 17.186 ms - -\n',
  level: 'info',
  timestamp: '04-12-2023 06:38:33'
}
{
  message: '✅ Verificación de conexión a db existosa.',
  level: 'info',
  timestamp: '04-12-2023 06:38:57'
}
{
  message: 'GET / 200 10.945 ms - 5380\n',
  level: 'info',
  timestamp: '04-12-2023 06:38:57'
}
{
  message: '✅ Verificación de conexión a db existosa.',
  level: 'info',
  timestamp: '04-12-2023 06:40:18'
}
{
  message: 'GET / 304 12.389 ms - -\n',
  level: 'info',
  timestamp: '04-12-2023 06:40:18'
}
{
  message: '✅ Verificación de conexión a db existosa.',
  level: 'info',
  timestamp: '04-12-2023 06:40:21'
}
{
  message: 'GET /about 200 8.751 ms - 5102\n',
  level: 'info',
  timestamp: '04-12-2023 06:40:21'
}
{
  message: '✅ Verificación de conexión a db existosa.',
  level: 'info',
  timestamp: '04-12-2023 06:40:26'
}
{
  message: 'GET / 200 7.120 ms - 5380\n',
  level: 'info',
  timestamp: '04-12-2023 06:40:26'
}
{
  message: '✅ Verificación de conexión a db existosa.',
  level: 'info',
  timestamp: '04-12-2023 06:41:34'
}
{
  message: 'GET / 200 10.994 ms - 5376\n',
  level: 'info',
  timestamp: '04-12-2023 06:41:34'
}
{
  message: '✅ Verificación de conexión a db existosa.',
  level: 'info',
  timestamp: '04-12-2023 06:42:07'
}
{
  message: 'GET / 200 9.549 ms - 5384\n',
  level: 'info',
  timestamp: '04-12-2023 06:42:07'
}
{
  message: 'The server is created from the express instance',
  level: 'info',
  timestamp: '05-12-2023 02:24:08'
}
{
  message: '⭐⭐ Listening on http://localhost:5000 ⭐⭐',
  level: 'info',
  timestamp: '05-12-2023 02:24:08'
}
{
  message: '✅ Conectado a Mongodb',
  level: 'info',
  timestamp: '05-12-2023 02:24:08'
}
{
  message: '✅ Verificación de conexión a db existosa.',
  level: 'info',
  timestamp: '05-12-2023 02:24:16'
}
{
  message: 'GET / 200 95.266 ms - 5384\n',
  level: 'info',
  timestamp: '05-12-2023 02:24:16'
}
{
  message: '✅ Verificación de conexión a db existosa.',
  level: 'info',
  timestamp: '05-12-2023 02:24:18'
}
{
  message: 'GET /favicon.png 404 8.020 ms - 150\n',
  level: 'info',
  timestamp: '05-12-2023 02:24:18'
}
{
  message: '✅ Verificación de conexión a db existosa.',
  level: 'info',
  timestamp: '05-12-2023 02:27:31'
}
{
  message: 'GET /project/add 200 16.206 ms - 7392\n',
  level: 'info',
  timestamp: '05-12-2023 02:27:31'
}
{
  message: '✅ Verificación de conexión a db existosa.',
  level: 'info',
  timestamp: '05-12-2023 02:30:52'
}
{
  message: 'GET /project/add 200 28.289 ms - 6825\n',
  level: 'info',
  timestamp: '05-12-2023 02:30:52'
}
{
  message: '✅ Verificación de conexión a db existosa.',
  level: 'info',
  timestamp: '05-12-2023 02:31:27'
}
{
  message: 'GET /project/add 200 26.352 ms - 7392\n',
  level: 'info',
  timestamp: '05-12-2023 02:31:27'
}
{
  message: '✅ Verificación de conexión a db existosa.',
  level: 'info',
  timestamp: '05-12-2023 02:34:12'
}
{
  message: 'GET /project/add 200 11.619 ms - 9227\n',
  level: 'info',
  timestamp: '05-12-2023 02:34:12'
}
{
  message: '✅ Verificación de conexión a db existosa.',
  level: 'info',
  timestamp: '05-12-2023 02:35:38'
}
{
  message: 'GET /project/add 200 20.985 ms - 7496\n',
  level: 'info',
  timestamp: '05-12-2023 02:35:38'
}
{
  message: '✅ Verificación de conexión a db existosa.',
  level: 'info',
  timestamp: '05-12-2023 02:36:30'
}
{
  message: 'GET /project/add 200 20.683 ms - 7598\n',
  level: 'info',
  timestamp: '05-12-2023 02:36:30'
}
{
  message: '✅ Verificación de conexión a db existosa.',
  level: 'info',
  timestamp: '05-12-2023 02:36:52'
}
{
  message: 'GET /project/add 200 19.770 ms - 7501\n',
  level: 'info',
  timestamp: '05-12-2023 02:36:52'
}
{
  message: '✅ Verificación de conexión a db existosa.',
  level: 'info',
  timestamp: '05-12-2023 02:40:14'
}
{
  message: 'GET /project/add 200 9.574 ms - 7727\n',
  level: 'info',
  timestamp: '05-12-2023 02:40:14'
}
{
  message: '✅ Verificación de conexión a db existosa.',
  level: 'info',
  timestamp: '05-12-2023 02:40:44'
}
{
  message: 'GET /project/edit/ 404 2.681 ms - 152\n',
  level: 'info',
  timestamp: '05-12-2023 02:40:44'
}
{
  message: '✅ Verificación de conexión a db existosa.',
  level: 'info',
  timestamp: '05-12-2023 02:40:46'
}
{
  message: 'GET /project/add 200 11.314 ms - 7727\n',
  level: 'info',
  timestamp: '05-12-2023 02:40:46'
}
{
  message: '✅ Verificación de conexión a db existosa.',
  level: 'info',
  timestamp: '05-12-2023 02:41:08'
}
{
  message: 'GET /project/add 200 9.321 ms - 7689\n',
  level: 'info',
  timestamp: '05-12-2023 02:41:08'
}
{
  message: '✅ Verificación de conexión a db existosa.',
  level: 'info',
  timestamp: '05-12-2023 02:41:31'
}
{
  message: 'GET /project/add 200 11.911 ms - 7680\n',
  level: 'info',
  timestamp: '05-12-2023 02:41:31'
}
{
  message: '✅ Verificación de conexión a db existosa.',
  level: 'info',
  timestamp: '05-12-2023 02:41:33'
}
{
  message: 'GET /project/edit/ 404 3.529 ms - 152\n',
  level: 'info',
  timestamp: '05-12-2023 02:41:33'
}
{
  message: '✅ Verificación de conexión a db existosa.',
  level: 'info',
  timestamp: '05-12-2023 02:41:35'
}
{
  message: 'GET /project/add 200 19.552 ms - 7680\n',
  level: 'info',
  timestamp: '05-12-2023 02:41:35'
}
{
  message: '✅ Verificación de conexión a db existosa.',
  level: 'info',
  timestamp: '05-12-2023 02:41:36'
}
{
  message: 'GET /project/edit/ 404 2.474 ms - 152\n',
  level: 'info',
  timestamp: '05-12-2023 02:41:36'
}
{
  message: '✅ Verificación de conexión a db existosa.',
  level: 'info',
  timestamp: '05-12-2023 02:42:07'
}
{
  message: 'GET /project/add 200 14.887 ms - 7865\n',
  level: 'info',
  timestamp: '05-12-2023 02:42:07'
}
{
  message: '✅ Verificación de conexión a db existosa.',
  level: 'info',
  timestamp: '05-12-2023 02:42:36'
}
{
  message: 'GET /project/add 200 11.812 ms - 8609\n',
  level: 'info',
  timestamp: '05-12-2023 02:42:36'
}
{
  message: '✅ Verificación de conexión a db existosa.',
  level: 'info',
  timestamp: '05-12-2023 02:43:33'
}
{
  message: 'GET /project/add 200 11.348 ms - 8666\n',
  level: 'info',
  timestamp: '05-12-2023 02:43:33'
}
{
  message: '✅ Verificación de conexión a db existosa.',
  level: 'info',
  timestamp: '05-12-2023 02:43:49'
}
{
  message: 'GET /project/add 200 8.583 ms - 8723\n',
  level: 'info',
  timestamp: '05-12-2023 02:43:49'
}
{
  message: '✅ Verificación de conexión a db existosa.',
  level: 'info',
  timestamp: '05-12-2023 02:44:54'
}
{
  message: 'GET /project/add 200 10.454 ms - 8893\n',
  level: 'info',
  timestamp: '05-12-2023 02:44:54'
}
{
  message: '✅ Verificación de conexión a db existosa.',
  level: 'info',
  timestamp: '05-12-2023 02:45:30'
}
{
  message: 'GET /project/add 200 11.399 ms - 8839\n',
  level: 'info',
  timestamp: '05-12-2023 02:45:30'
}
{
  message: '✅ Verificación de conexión a db existosa.',
  level: 'info',
  timestamp: '05-12-2023 02:46:19'
}
{
  message: 'GET /project/add 200 8.849 ms - 8881\n',
  level: 'info',
  timestamp: '05-12-2023 02:46:19'
}
{
  message: '✅ Verificación de conexión a db existosa.',
  level: 'info',
  timestamp: '05-12-2023 02:47:20'
}
{
  message: 'GET /project/add 200 8.540 ms - 8840\n',
  level: 'info',
  timestamp: '05-12-2023 02:47:20'
}
{
  message: '✅ Verificación de conexión a db existosa.',
  level: 'info',
  timestamp: '05-12-2023 02:50:23'
}
{
  message: 'GET /project/add 200 17.466 ms - 10284\n',
  level: 'info',
  timestamp: '05-12-2023 02:50:23'
}
{
  message: '✅ Verificación de conexión a db existosa.',
  level: 'info',
  timestamp: '05-12-2023 02:50:58'
}
{
  message: 'GET /project/add 200 9.587 ms - 10232\n',
  level: 'info',
  timestamp: '05-12-2023 02:50:58'
}
{
  message: '✅ Verificación de conexión a db existosa.',
  level: 'info',
  timestamp: '05-12-2023 02:51:55'
}
{
  message: 'GET /project/edit/ 404 2.013 ms - 152\n',
  level: 'info',
  timestamp: '05-12-2023 02:51:55'
}
{
  message: '✅ Verificación de conexión a db existosa.',
  level: 'info',
  timestamp: '05-12-2023 02:51:58'
}
{
  message: 'GET /project/add 200 11.377 ms - 10232\n',
  level: 'info',
  timestamp: '05-12-2023 02:51:58'
}
{
  message: '✅ Verificación de conexión a db existosa.',
  level: 'info',
  timestamp: '05-12-2023 02:52:40'
}
{
  message: 'Se entrega formulario de login',
  level: 'info',
  timestamp: '05-12-2023 02:52:40'
}
{
  message: 'GET /user/login 200 15.128 ms - 5836\n',
  level: 'info',
  timestamp: '05-12-2023 02:52:40'
}
{
  message: '✅ Verificación de conexión a db existosa.',
  level: 'info',
  timestamp: '05-12-2023 02:52:40'
}
{
  message: 'GET /images/project.jpg 404 4.794 ms - 157\n',
  level: 'info',
  timestamp: '05-12-2023 02:52:40'
}
{
  message: '✅ Verificación de conexión a db existosa.',
  level: 'info',
  timestamp: '05-12-2023 02:52:45'
}
{
  message: 'Se entrega formulario de registro',
  level: 'info',
  timestamp: '05-12-2023 02:52:45'
}
{
  message: 'GET /user/register 200 9.728 ms - 6540\n',
  level: 'info',
  timestamp: '05-12-2023 02:52:45'
}
{
  message: '✅ Verificación de conexión a db existosa.',
  level: 'info',
  timestamp: '05-12-2023 02:52:51'
}
{
  message: 'Se entrega dashboard de proyectos',
  level: 'info',
  timestamp: '05-12-2023 02:52:51'
}
{
  message: 'GET /project 200 15.520 ms - 4826\n',
  level: 'info',
  timestamp: '05-12-2023 02:52:51'
}
{
  message: '✅ Verificación de conexión a db existosa.',
  level: 'info',
  timestamp: '05-12-2023 02:52:57'
}
{
  message: 'GET /project/add 304 13.020 ms - -\n',
  level: 'info',
  timestamp: '05-12-2023 02:52:57'
}
{
  message: '✅ Verificación de conexión a db existosa.',
  level: 'info',
  timestamp: '05-12-2023 02:53:01'
}
{
  message: 'GET /project/add 304 9.298 ms - -\n',
  level: 'info',
  timestamp: '05-12-2023 02:53:01'
}
{
  message: '✅ Verificación de conexión a db existosa.',
  level: 'info',
  timestamp: '05-12-2023 03:02:30'
}
{
  message: 'Se entrega dashboard de proyectos',
  level: 'info',
  timestamp: '05-12-2023 03:02:30'
}
{
  message: 'GET /project 304 15.130 ms - -\n',
  level: 'info',
  timestamp: '05-12-2023 03:02:30'
}
{
  message: '✅ Verificación de conexión a db existosa.',
  level: 'info',
  timestamp: '05-12-2023 03:04:07'
}
{
  message: 'Se entrega dashboard de proyectos',
  level: 'info',
  timestamp: '05-12-2023 03:04:07'
}
{
  message: 'GET /project 200 11.366 ms - 4816\n',
  level: 'info',
  timestamp: '05-12-2023 03:04:07'
}
{
  message: '✅ Verificación de conexión a db existosa.',
  level: 'info',
  timestamp: '05-12-2023 03:04:10'
}
{
  message: 'GET /project/add 200 12.326 ms - 10222\n',
  level: 'info',
  timestamp: '05-12-2023 03:04:10'
}
{
  message: '✅ Verificación de conexión a db existosa.',
  level: 'info',
  timestamp: '05-12-2023 03:04:14'
}
{
  message: 'Se entrega dashboard de proyectos',
  level: 'info',
  timestamp: '05-12-2023 03:04:14'
}
{
  message: 'GET /project 200 14.208 ms - 4816\n',
  level: 'info',
  timestamp: '05-12-2023 03:04:14'
}
{
  message: '✅ Verificación de conexión a db existosa.',
  level: 'info',
  timestamp: '05-12-2023 03:08:11'
}
{
  message: 'Se entrega dashboard de proyectos',
  level: 'info',
  timestamp: '05-12-2023 03:08:11'
}
{
  message: 'GET /project 200 55.991 ms - 6479\n',
  level: 'info',
  timestamp: '05-12-2023 03:08:11'
}
{
  message: '✅ Verificación de conexión a db existosa.',
  level: 'info',
  timestamp: '05-12-2023 03:08:11'
}
{
  message: 'GET /images/addproject.png 404 5.341 ms - 160\n',
  level: 'info',
  timestamp: '05-12-2023 03:08:11'
}
{
  message: '✅ Verificación de conexión a db existosa.',
  level: 'info',
  timestamp: '05-12-2023 03:08:20'
}
{
  message: 'Se entrega dashboard de proyectos',
  level: 'info',
  timestamp: '05-12-2023 03:08:20'
}
{
  message: 'GET /project 200 11.907 ms - 6479\n',
  level: 'info',
  timestamp: '05-12-2023 03:08:20'
}
{
  message: '✅ Verificación de conexión a db existosa.',
  level: 'info',
  timestamp: '05-12-2023 03:08:20'
}
{
  message: 'GET /images/addproject.png 404 2.132 ms - 160\n',
  level: 'info',
  timestamp: '05-12-2023 03:08:20'
}
{
  message: '✅ Verificación de conexión a db existosa.',
  level: 'info',
  timestamp: '05-12-2023 03:08:22'
}
{
  message: 'GET /project/add 304 16.470 ms - -\n',
  level: 'info',
  timestamp: '05-12-2023 03:08:22'
}
{
  message: '✅ Verificación de conexión a db existosa.',
  level: 'info',
  timestamp: '05-12-2023 03:08:24'
}
{
  message: 'Se entrega dashboard de proyectos',
  level: 'info',
  timestamp: '05-12-2023 03:08:24'
}
{
  message: 'GET /project 304 16.696 ms - -\n',
  level: 'info',
  timestamp: '05-12-2023 03:08:24'
}
{
  message: '✅ Verificación de conexión a db existosa.',
  level: 'info',
  timestamp: '05-12-2023 03:08:24'
}
{
  message: 'GET /images/addproject.png 404 1.878 ms - 160\n',
  level: 'info',
  timestamp: '05-12-2023 03:08:24'
}
{
  message: '✅ Verificación de conexión a db existosa.',
  level: 'info',
  timestamp: '05-12-2023 03:10:18'
}
{
  message: 'Se entrega dashboard de proyectos',
  level: 'info',
  timestamp: '05-12-2023 03:10:18'
}
{
  message: 'GET /project 200 12.792 ms - 6622\n',
  level: 'info',
  timestamp: '05-12-2023 03:10:18'
}
{
  message: '✅ Verificación de conexión a db existosa.',
  level: 'info',
  timestamp: '05-12-2023 03:12:07'
}
{
  message: 'Se entrega dashboard de proyectos',
  level: 'info',
  timestamp: '05-12-2023 03:12:07'
}
{
  message: 'GET /project 200 13.024 ms - 6603\n',
  level: 'info',
  timestamp: '05-12-2023 03:12:07'
}
{
  message: '✅ Verificación de conexión a db existosa.',
  level: 'info',
  timestamp: '05-12-2023 03:23:30'
}
{
  message: 'Se entrega dashboard de proyectos',
  level: 'info',
  timestamp: '05-12-2023 03:23:30'
}
{
  message: 'GET /project 200 21.031 ms - 6580\n',
  level: 'info',
  timestamp: '05-12-2023 03:23:30'
}
{
  message: '✅ Verificación de conexión a db existosa.',
  level: 'info',
  timestamp: '05-12-2023 03:24:51'
}
{
  message: 'Se entrega dashboard de proyectos',
  level: 'info',
  timestamp: '05-12-2023 03:24:51'
}
{
  message: 'GET /project 200 14.231 ms - 6554\n',
  level: 'info',
  timestamp: '05-12-2023 03:24:51'
}
{
  message: '✅ Verificación de conexión a db existosa.',
  level: 'info',
  timestamp: '05-12-2023 03:26:41'
}
{
  message: 'GET /project/add 304 9.746 ms - -\n',
  level: 'info',
  timestamp: '05-12-2023 03:26:41'
}
{
  message: '✅ Verificación de conexión a db existosa.',
  level: 'info',
  timestamp: '05-12-2023 03:27:48'
}
{
  message: 'GET /project/add 200 13.808 ms - 10222\n',
  level: 'info',
  timestamp: '05-12-2023 03:27:48'
}
{
  message: '✅ Verificación de conexión a db existosa.',
  level: 'info',
  timestamp: '05-12-2023 03:27:51'
}
{
  message: 'Se entrega dashboard de proyectos',
  level: 'info',
  timestamp: '05-12-2023 03:27:51'
}
{
  message: 'GET /project 200 15.030 ms - 6603\n',
  level: 'info',
  timestamp: '05-12-2023 03:27:51'
}
{
  message: '✅ Verificación de conexión a db existosa.',
  level: 'info',
  timestamp: '05-12-2023 03:33:48'
}
{
  message: 'Se entrega dashboard de proyectos',
  level: 'info',
  timestamp: '05-12-2023 03:33:48'
}
{
  message: 'GET /project 200 9.837 ms - 6498\n',
  level: 'info',
  timestamp: '05-12-2023 03:33:48'
}
{
  message: '✅ Verificación de conexión a db existosa.',
  level: 'info',
  timestamp: '05-12-2023 03:39:16'
}
{
  message: 'Se entrega dashboard de proyectos',
  level: 'info',
  timestamp: '05-12-2023 03:39:16'
}
{
  message: 'GET /project 200 15.890 ms - 8170\n',
  level: 'info',
  timestamp: '05-12-2023 03:39:16'
}
{
  message: '✅ Verificación de conexión a db existosa.',
  level: 'info',
  timestamp: '05-12-2023 03:39:56'
}
{
  message: 'Se entrega dashboard de proyectos',
  level: 'info',
  timestamp: '05-12-2023 03:39:56'
}
{
  message: 'GET /project 200 12.277 ms - 8167\n',
  level: 'info',
  timestamp: '05-12-2023 03:39:56'
}
{
  message: '✅ Verificación de conexión a db existosa.',
  level: 'info',
  timestamp: '05-12-2023 03:43:22'
}
{
  message: 'Se entrega dashboard de proyectos',
  level: 'info',
  timestamp: '05-12-2023 03:43:22'
}
{
  message: 'GET /project 200 18.203 ms - 8178\n',
  level: 'info',
  timestamp: '05-12-2023 03:43:22'
}
{
  message: '✅ Verificación de conexión a db existosa.',
  level: 'info',
  timestamp: '05-12-2023 03:44:04'
}
{
  message: 'Se entrega dashboard de proyectos',
  level: 'info',
  timestamp: '05-12-2023 03:44:04'
}
{
  message: 'GET /project 200 12.365 ms - 8099\n',
  level: 'info',
  timestamp: '05-12-2023 03:44:04'
}
{
  message: '✅ Verificación de conexión a db existosa.',
  level: 'info',
  timestamp: '05-12-2023 03:44:33'
}
{
  message: 'Se extraen datos de la petición: name undefined, description: undefined',
  level: 'info',
  timestamp: '05-12-2023 03:44:33'
}
{
  message: 'Se entrega al cliente error de validación de add Project',
  level: 'info',
  timestamp: '05-12-2023 03:44:33'
}
{
  message: 'POST /project/add 422 22.973 ms - 10222\n',
  level: 'info',
  timestamp: '05-12-2023 03:44:33'
}
{
  message: '✅ Verificación de conexión a db existosa.',
  level: 'info',
  timestamp: '05-12-2023 03:44:46'
}
{
  message: 'Se entrega dashboard de proyectos',
  level: 'info',
  timestamp: '05-12-2023 03:44:46'
}
{
  message: 'GET /project 200 18.165 ms - 8099\n',
  level: 'info',
  timestamp: '05-12-2023 03:44:46'
}
{
  message: 'The server is created from the express instance',
  level: 'info',
  timestamp: '05-12-2023 03:48:47'
}
{
  message: '⭐⭐ Listening on http://localhost:5000 ⭐⭐',
  level: 'info',
  timestamp: '05-12-2023 03:48:47'
}
{
  message: '✅ Conectado a Mongodb',
  level: 'info',
  timestamp: '05-12-2023 03:48:47'
}
{
  message: 'The server is created from the express instance',
  level: 'info',
  timestamp: '05-12-2023 03:49:03'
}
{
  message: '⭐⭐ Listening on http://localhost:5000 ⭐⭐',
  level: 'info',
  timestamp: '05-12-2023 03:49:03'
}
{
  message: '✅ Conectado a Mongodb',
  level: 'info',
  timestamp: '05-12-2023 03:49:03'
}
{
  message: 'The server is created from the express instance',
  level: 'info',
  timestamp: '05-12-2023 03:49:10'
}
{
  message: '⭐⭐ Listening on http://localhost:5000 ⭐⭐',
  level: 'info',
  timestamp: '05-12-2023 03:49:10'
}
{
  message: '✅ Conectado a Mongodb',
  level: 'info',
  timestamp: '05-12-2023 03:49:10'
}
{
  message: 'The server is created from the express instance',
  level: 'info',
  timestamp: '05-12-2023 03:49:14'
}
{
  message: '⭐⭐ Listening on http://localhost:5000 ⭐⭐',
  level: 'info',
  timestamp: '05-12-2023 03:49:14'
}
{
  message: '✅ Conectado a Mongodb',
  level: 'info',
  timestamp: '05-12-2023 03:49:14'
}
{
  message: 'The server is created from the express instance',
  level: 'info',
  timestamp: '05-12-2023 03:49:29'
}
{
  message: '⭐⭐ Listening on http://localhost:5000 ⭐⭐',
  level: 'info',
  timestamp: '05-12-2023 03:49:29'
}
{
  message: '✅ Conectado a Mongodb',
  level: 'info',
  timestamp: '05-12-2023 03:49:29'
}
{
  message: 'The server is created from the express instance',
  level: 'info',
  timestamp: '05-12-2023 03:49:38'
}
{
  message: '⭐⭐ Listening on http://localhost:5000 ⭐⭐',
  level: 'info',
  timestamp: '05-12-2023 03:49:38'
}
{
  message: '✅ Conectado a Mongodb',
  level: 'info',
  timestamp: '05-12-2023 03:49:38'
}
{
  message: 'The server is created from the express instance',
  level: 'info',
  timestamp: '05-12-2023 03:49:41'
}
{
  message: '⭐⭐ Listening on http://localhost:5000 ⭐⭐',
  level: 'info',
  timestamp: '05-12-2023 03:49:42'
}
{
  message: '✅ Conectado a Mongodb',
  level: 'info',
  timestamp: '05-12-2023 03:49:42'
}
{
  message: 'The server is created from the express instance',
  level: 'info',
  timestamp: '05-12-2023 03:49:52'
}
{
  message: '⭐⭐ Listening on http://localhost:5000 ⭐⭐',
  level: 'info',
  timestamp: '05-12-2023 03:49:52'
}
{
  message: '✅ Conectado a Mongodb',
  level: 'info',
  timestamp: '05-12-2023 03:49:52'
}
{
  message: 'The server is created from the express instance',
  level: 'info',
  timestamp: '05-12-2023 03:50:00'
}
{
  message: '⭐⭐ Listening on http://localhost:5000 ⭐⭐',
  level: 'info',
  timestamp: '05-12-2023 03:50:00'
}
{
  message: '✅ Conectado a Mongodb',
  level: 'info',
  timestamp: '05-12-2023 03:50:00'
}
{
  message: 'The server is created from the express instance',
  level: 'info',
  timestamp: '05-12-2023 03:50:15'
}
{
  message: '⭐⭐ Listening on http://localhost:5000 ⭐⭐',
  level: 'info',
  timestamp: '05-12-2023 03:50:15'
}
{
  message: '✅ Conectado a Mongodb',
  level: 'info',
  timestamp: '05-12-2023 03:50:15'
}
{
  message: 'The server is created from the express instance',
  level: 'info',
  timestamp: '05-12-2023 03:50:19'
}
{
  message: '⭐⭐ Listening on http://localhost:5000 ⭐⭐',
  level: 'info',
  timestamp: '05-12-2023 03:50:19'
}
{
  message: '✅ Conectado a Mongodb',
  level: 'info',
  timestamp: '05-12-2023 03:50:19'
}
{
  message: 'The server is created from the express instance',
  level: 'info',
  timestamp: '05-12-2023 03:50:23'
}
{
  message: '⭐⭐ Listening on http://localhost:5000 ⭐⭐',
  level: 'info',
  timestamp: '05-12-2023 03:50:23'
}
{
  message: '✅ Conectado a Mongodb',
  level: 'info',
  timestamp: '05-12-2023 03:50:24'
}
{
  message: '✅ Verificación de conexión a db existosa.',
  level: 'info',
  timestamp: '05-12-2023 03:50:44'
}
{
  message: 'Se entrega dashboard de proyectos',
  level: 'info',
  timestamp: '05-12-2023 03:50:44'
}
{
  message: 'GET /project 200 49.473 ms - 8099\n',
  level: 'info',
  timestamp: '05-12-2023 03:50:44'
}
{
  message: '✅ Verificación de conexión a db existosa.',
  level: 'info',
  timestamp: '05-12-2023 03:50:52'
}
{
  message: 'Se extraen datos de la petición: name undefined, description: undefined',
  level: 'info',
  timestamp: '05-12-2023 03:50:52'
}
{
  message: 'Se entrega al cliente error de validación de add Project',
  level: 'info',
  timestamp: '05-12-2023 03:50:52'
}
{
  message: 'POST /project/add 422 47.401 ms - 10222\n',
  level: 'info',
  timestamp: '05-12-2023 03:50:52'
}
{
  message: 'The server is created from the express instance',
  level: 'info',
  timestamp: '05-12-2023 03:51:44'
}
{
  message: '⭐⭐ Listening on http://localhost:5000 ⭐⭐',
  level: 'info',
  timestamp: '05-12-2023 03:51:44'
}
{
  message: '✅ Conectado a Mongodb',
  level: 'info',
  timestamp: '05-12-2023 03:51:44'
}
{
  message: 'The server is created from the express instance',
  level: 'info',
  timestamp: '05-12-2023 03:51:52'
}
{
  message: '⭐⭐ Listening on http://localhost:5000 ⭐⭐',
  level: 'info',
  timestamp: '05-12-2023 03:51:52'
}
{
  message: '✅ Conectado a Mongodb',
  level: 'info',
  timestamp: '05-12-2023 03:51:53'
}
{
  message: 'The server is created from the express instance',
  level: 'info',
  timestamp: '05-12-2023 03:51:59'
}
{
  message: '⭐⭐ Listening on http://localhost:5000 ⭐⭐',
  level: 'info',
  timestamp: '05-12-2023 03:51:59'
}
{
  message: '✅ Conectado a Mongodb',
  level: 'info',
  timestamp: '05-12-2023 03:52:00'
}
{
  message: 'The server is created from the express instance',
  level: 'info',
  timestamp: '05-12-2023 03:53:37'
}
{
  message: '⭐⭐ Listening on http://localhost:5000 ⭐⭐',
  level: 'info',
  timestamp: '05-12-2023 03:53:37'
}
{
  message: '✅ Conectado a Mongodb',
  level: 'info',
  timestamp: '05-12-2023 03:53:37'
}
{
  message: 'The server is created from the express instance',
  level: 'info',
  timestamp: '05-12-2023 03:53:49'
}
{
  message: '⭐⭐ Listening on http://localhost:5000 ⭐⭐',
  level: 'info',
  timestamp: '05-12-2023 03:53:49'
}
{
  message: '✅ Conectado a Mongodb',
  level: 'info',
  timestamp: '05-12-2023 03:53:49'
}
{
  message: 'The server is created from the express instance',
  level: 'info',
  timestamp: '05-12-2023 03:53:51'
}
{
  message: '⭐⭐ Listening on http://localhost:5000 ⭐⭐',
  level: 'info',
  timestamp: '05-12-2023 03:53:51'
}
{
  message: '✅ Conectado a Mongodb',
  level: 'info',
  timestamp: '05-12-2023 03:53:51'
}
{
  message: 'The server is created from the express instance',
  level: 'info',
  timestamp: '05-12-2023 03:53:59'
}
{
  message: '⭐⭐ Listening on http://localhost:5000 ⭐⭐',
  level: 'info',
  timestamp: '05-12-2023 03:53:59'
}
{
  message: '✅ Conectado a Mongodb',
  level: 'info',
  timestamp: '05-12-2023 03:53:59'
}
{
  message: 'The server is created from the express instance',
  level: 'info',
  timestamp: '05-12-2023 03:54:15'
}
{
  message: '⭐⭐ Listening on http://localhost:5000 ⭐⭐',
  level: 'info',
  timestamp: '05-12-2023 03:54:15'
}
{
  message: '✅ Conectado a Mongodb',
  level: 'info',
  timestamp: '05-12-2023 03:54:15'
}
{
  message: 'The server is created from the express instance',
  level: 'info',
  timestamp: '05-12-2023 03:54:17'
}
{
  message: '⭐⭐ Listening on http://localhost:5000 ⭐⭐',
  level: 'info',
  timestamp: '05-12-2023 03:54:17'
}
{
  message: '✅ Conectado a Mongodb',
  level: 'info',
  timestamp: '05-12-2023 03:54:17'
}
{
  message: 'The server is created from the express instance',
  level: 'info',
  timestamp: '05-12-2023 03:54:23'
}
{
  message: '⭐⭐ Listening on http://localhost:5000 ⭐⭐',
  level: 'info',
  timestamp: '05-12-2023 03:54:23'
}
{
  message: '✅ Conectado a Mongodb',
  level: 'info',
  timestamp: '05-12-2023 03:54:23'
}
{
  message: 'The server is created from the express instance',
  level: 'info',
  timestamp: '05-12-2023 03:54:30'
}
{
  message: '⭐⭐ Listening on http://localhost:5000 ⭐⭐',
  level: 'info',
  timestamp: '05-12-2023 03:54:30'
}
{
  message: '✅ Conectado a Mongodb',
  level: 'info',
  timestamp: '05-12-2023 03:54:30'
}
{
  message: 'The server is created from the express instance',
  level: 'info',
  timestamp: '05-12-2023 03:54:40'
}
{
  message: '⭐⭐ Listening on http://localhost:5000 ⭐⭐',
  level: 'info',
  timestamp: '05-12-2023 03:54:40'
}
{
  message: '✅ Conectado a Mongodb',
  level: 'info',
  timestamp: '05-12-2023 03:54:40'
}
{
  message: 'The server is created from the express instance',
  level: 'info',
  timestamp: '05-12-2023 03:54:53'
}
{
  message: '⭐⭐ Listening on http://localhost:5000 ⭐⭐',
  level: 'info',
  timestamp: '05-12-2023 03:54:53'
}
{
  message: '✅ Conectado a Mongodb',
  level: 'info',
  timestamp: '05-12-2023 03:54:53'
}
{
  message: 'The server is created from the express instance',
  level: 'info',
  timestamp: '05-12-2023 03:55:01'
}
{
  message: '⭐⭐ Listening on http://localhost:5000 ⭐⭐',
  level: 'info',
  timestamp: '05-12-2023 03:55:01'
}
{
  message: '✅ Conectado a Mongodb',
  level: 'info',
  timestamp: '05-12-2023 03:55:01'
}
{
  message: 'The server is created from the express instance',
  level: 'info',
  timestamp: '05-12-2023 03:55:10'
}
{
  message: '⭐⭐ Listening on http://localhost:5000 ⭐⭐',
  level: 'info',
  timestamp: '05-12-2023 03:55:10'
}
{
  message: '✅ Conectado a Mongodb',
  level: 'info',
  timestamp: '05-12-2023 03:55:10'
}
{
  message: 'The server is created from the express instance',
  level: 'info',
  timestamp: '05-12-2023 03:55:31'
}
{
  message: '⭐⭐ Listening on http://localhost:5000 ⭐⭐',
  level: 'info',
  timestamp: '05-12-2023 03:55:31'
}
{
  message: '✅ Conectado a Mongodb',
  level: 'info',
  timestamp: '05-12-2023 03:55:31'
}
{
  message: 'The server is created from the express instance',
  level: 'info',
  timestamp: '05-12-2023 03:55:40'
}
{
  message: '⭐⭐ Listening on http://localhost:5000 ⭐⭐',
  level: 'info',
  timestamp: '05-12-2023 03:55:40'
}
{
  message: '✅ Conectado a Mongodb',
  level: 'info',
  timestamp: '05-12-2023 03:55:40'
}
{
  message: 'The server is created from the express instance',
  level: 'info',
  timestamp: '05-12-2023 03:55:42'
}
{
  message: '⭐⭐ Listening on http://localhost:5000 ⭐⭐',
  level: 'info',
  timestamp: '05-12-2023 03:55:42'
}
{
  message: '✅ Conectado a Mongodb',
  level: 'info',
  timestamp: '05-12-2023 03:55:42'
}
{
  message: 'The server is created from the express instance',
  level: 'info',
  timestamp: '05-12-2023 03:55:51'
}
{
  message: '⭐⭐ Listening on http://localhost:5000 ⭐⭐',
  level: 'info',
  timestamp: '05-12-2023 03:55:51'
}
{
  message: '✅ Conectado a Mongodb',
  level: 'info',
  timestamp: '05-12-2023 03:55:51'
}
{
  message: 'The server is created from the express instance',
  level: 'info',
  timestamp: '05-12-2023 03:56:24'
}
{
  message: '⭐⭐ Listening on http://localhost:5000 ⭐⭐',
  level: 'info',
  timestamp: '05-12-2023 03:56:24'
}
{
  message: '✅ Conectado a Mongodb',
  level: 'info',
  timestamp: '05-12-2023 03:56:24'
}
{
  message: 'The server is created from the express instance',
  level: 'info',
  timestamp: '05-12-2023 03:56:43'
}
{
  message: '⭐⭐ Listening on http://localhost:5000 ⭐⭐',
  level: 'info',
  timestamp: '05-12-2023 03:56:44'
}
{
  message: '✅ Conectado a Mongodb',
  level: 'info',
  timestamp: '05-12-2023 03:56:44'
}
{
  message: 'The server is created from the express instance',
  level: 'info',
  timestamp: '05-12-2023 03:56:52'
}
{
  message: '⭐⭐ Listening on http://localhost:5000 ⭐⭐',
  level: 'info',
  timestamp: '05-12-2023 03:56:52'
}
{
  message: '✅ Conectado a Mongodb',
  level: 'info',
  timestamp: '05-12-2023 03:56:53'
}
{
  message: 'The server is created from the express instance',
  level: 'info',
  timestamp: '05-12-2023 03:57:04'
}
{
  message: '⭐⭐ Listening on http://localhost:5000 ⭐⭐',
  level: 'info',
  timestamp: '05-12-2023 03:57:04'
}
{
  message: '✅ Conectado a Mongodb',
  level: 'info',
  timestamp: '05-12-2023 03:57:04'
}
{
  message: 'The server is created from the express instance',
  level: 'info',
  timestamp: '05-12-2023 03:57:08'
}
{
  message: '⭐⭐ Listening on http://localhost:5000 ⭐⭐',
  level: 'info',
  timestamp: '05-12-2023 03:57:08'
}
{
  message: '✅ Conectado a Mongodb',
  level: 'info',
  timestamp: '05-12-2023 03:57:08'
}
{
  message: 'The server is created from the express instance',
  level: 'info',
  timestamp: '05-12-2023 03:57:20'
}
{
  message: '⭐⭐ Listening on http://localhost:5000 ⭐⭐',
  level: 'info',
  timestamp: '05-12-2023 03:57:20'
}
{
  message: '✅ Conectado a Mongodb',
  level: 'info',
  timestamp: '05-12-2023 03:57:20'
}
{
  message: 'The server is created from the express instance',
  level: 'info',
  timestamp: '05-12-2023 03:57:33'
}
{
  message: '⭐⭐ Listening on http://localhost:5000 ⭐⭐',
  level: 'info',
  timestamp: '05-12-2023 03:57:34'
}
{
  message: '✅ Conectado a Mongodb',
  level: 'info',
  timestamp: '05-12-2023 03:57:34'
}
{
  message: 'The server is created from the express instance',
  level: 'info',
  timestamp: '05-12-2023 03:57:39'
}
{
  message: '⭐⭐ Listening on http://localhost:5000 ⭐⭐',
  level: 'info',
  timestamp: '05-12-2023 03:57:39'
}
{
  message: '✅ Conectado a Mongodb',
  level: 'info',
  timestamp: '05-12-2023 03:57:39'
}
{
  message: 'The server is created from the express instance',
  level: 'info',
  timestamp: '05-12-2023 03:57:49'
}
{
  message: '⭐⭐ Listening on http://localhost:5000 ⭐⭐',
  level: 'info',
  timestamp: '05-12-2023 03:57:49'
}
{
  message: '✅ Conectado a Mongodb',
  level: 'info',
  timestamp: '05-12-2023 03:57:49'
}
{
  message: 'The server is created from the express instance',
  level: 'info',
  timestamp: '05-12-2023 03:57:59'
}
{
  message: '⭐⭐ Listening on http://localhost:5000 ⭐⭐',
  level: 'info',
  timestamp: '05-12-2023 03:57:59'
}
{
  message: '✅ Conectado a Mongodb',
  level: 'info',
  timestamp: '05-12-2023 03:57:59'
}
{
  message: 'The server is created from the express instance',
  level: 'info',
  timestamp: '05-12-2023 03:58:04'
}
{
  message: '⭐⭐ Listening on http://localhost:5000 ⭐⭐',
  level: 'info',
  timestamp: '05-12-2023 03:58:04'
}
{
  message: '✅ Conectado a Mongodb',
  level: 'info',
  timestamp: '05-12-2023 03:58:04'
}
{
  message: '✅ Verificación de conexión a db existosa.',
  level: 'info',
  timestamp: '05-12-2023 03:58:33'
}
{
  message: 'Se entrega dashboard de proyectos',
  level: 'info',
  timestamp: '05-12-2023 03:58:33'
}
{
  message: 'GET /project 200 49.487 ms - 8099\n',
  level: 'info',
  timestamp: '05-12-2023 03:58:33'
}
{
  message: '✅ Verificación de conexión a db existosa.',
  level: 'info',
  timestamp: '05-12-2023 03:58:40'
}
{
  message: 'Se extraen datos de la petición: Autor S, Categoria: S, ISBN S, Descripcion S',
  level: 'info',
  timestamp: '05-12-2023 03:58:40'
}
{
  message: 'Se entrega al cliente error de validación de add Project',
  level: 'info',
  timestamp: '05-12-2023 03:58:40'
}
{
  message: 'POST /project/add 422 36.803 ms - 10222\n',
  level: 'info',
  timestamp: '05-12-2023 03:58:40'
}
{
  message: 'The server is created from the express instance',
  level: 'info',
  timestamp: '05-12-2023 04:06:44'
}
{
  message: '⭐⭐ Listening on http://localhost:5000 ⭐⭐',
  level: 'info',
  timestamp: '05-12-2023 04:06:44'
}
{
  message: '✅ Conectado a Mongodb',
  level: 'info',
  timestamp: '05-12-2023 04:06:44'
}
{
  message: 'The server is created from the express instance',
  level: 'info',
  timestamp: '05-12-2023 04:06:55'
}
{
  message: '⭐⭐ Listening on http://localhost:5000 ⭐⭐',
  level: 'info',
  timestamp: '05-12-2023 04:06:55'
}
{
  message: '✅ Conectado a Mongodb',
  level: 'info',
  timestamp: '05-12-2023 04:06:55'
}
{
  message: 'The server is created from the express instance',
  level: 'info',
  timestamp: '05-12-2023 04:07:22'
}
{
  message: '⭐⭐ Listening on http://localhost:5000 ⭐⭐',
  level: 'info',
  timestamp: '05-12-2023 04:07:22'
}
{
  message: '✅ Conectado a Mongodb',
  level: 'info',
  timestamp: '05-12-2023 04:07:22'
}
{
  message: 'The server is created from the express instance',
  level: 'info',
  timestamp: '05-12-2023 04:07:38'
}
{
  message: '⭐⭐ Listening on http://localhost:5000 ⭐⭐',
  level: 'info',
  timestamp: '05-12-2023 04:07:38'
}
{
  message: '✅ Conectado a Mongodb',
  level: 'info',
  timestamp: '05-12-2023 04:07:38'
}
{
  message: 'The server is created from the express instance',
  level: 'info',
  timestamp: '05-12-2023 04:07:41'
}
{
  message: '⭐⭐ Listening on http://localhost:5000 ⭐⭐',
  level: 'info',
  timestamp: '05-12-2023 04:07:41'
}
{
  message: '✅ Conectado a Mongodb',
  level: 'info',
  timestamp: '05-12-2023 04:07:41'
}
{
  message: 'The server is created from the express instance',
  level: 'info',
  timestamp: '05-12-2023 04:07:54'
}
{
  message: '⭐⭐ Listening on http://localhost:5000 ⭐⭐',
  level: 'info',
  timestamp: '05-12-2023 04:07:54'
}
{
  message: '✅ Conectado a Mongodb',
  level: 'info',
  timestamp: '05-12-2023 04:07:54'
}
{
  message: 'The server is created from the express instance',
  level: 'info',
  timestamp: '05-12-2023 04:08:06'
}
{
  message: '⭐⭐ Listening on http://localhost:5000 ⭐⭐',
  level: 'info',
  timestamp: '05-12-2023 04:08:06'
}
{
  message: '✅ Conectado a Mongodb',
  level: 'info',
  timestamp: '05-12-2023 04:08:06'
}
{
  message: 'The server is created from the express instance',
  level: 'info',
  timestamp: '05-12-2023 04:08:30'
}
{
  message: '⭐⭐ Listening on http://localhost:5000 ⭐⭐',
  level: 'info',
  timestamp: '05-12-2023 04:08:30'
}
{
  message: '✅ Conectado a Mongodb',
  level: 'info',
  timestamp: '05-12-2023 04:08:30'
}
{
  message: 'The server is created from the express instance',
  level: 'info',
  timestamp: '05-12-2023 04:08:39'
}
{
  message: '⭐⭐ Listening on http://localhost:5000 ⭐⭐',
  level: 'info',
  timestamp: '05-12-2023 04:08:39'
}
{
  message: '✅ Conectado a Mongodb',
  level: 'info',
  timestamp: '05-12-2023 04:08:39'
}
{
  message: 'The server is created from the express instance',
  level: 'info',
  timestamp: '05-12-2023 04:08:49'
}
{
  message: '⭐⭐ Listening on http://localhost:5000 ⭐⭐',
  level: 'info',
  timestamp: '05-12-2023 04:08:49'
}
{
  message: '✅ Conectado a Mongodb',
  level: 'info',
  timestamp: '05-12-2023 04:08:49'
}
{
  message: 'The server is created from the express instance',
  level: 'info',
  timestamp: '05-12-2023 04:08:57'
}
{
  message: '⭐⭐ Listening on http://localhost:5000 ⭐⭐',
  level: 'info',
  timestamp: '05-12-2023 04:08:57'
}
{
  message: '✅ Conectado a Mongodb',
  level: 'info',
  timestamp: '05-12-2023 04:08:57'
}
{
  message: 'The server is created from the express instance',
  level: 'info',
  timestamp: '05-12-2023 04:09:11'
}
{
  message: '⭐⭐ Listening on http://localhost:5000 ⭐⭐',
  level: 'info',
  timestamp: '05-12-2023 04:09:11'
}
{
  message: '✅ Conectado a Mongodb',
  level: 'info',
  timestamp: '05-12-2023 04:09:11'
}
{
  message: 'The server is created from the express instance',
  level: 'info',
  timestamp: '05-12-2023 04:09:15'
}
{
  message: '⭐⭐ Listening on http://localhost:5000 ⭐⭐',
  level: 'info',
  timestamp: '05-12-2023 04:09:15'
}
{
  message: '✅ Conectado a Mongodb',
  level: 'info',
  timestamp: '05-12-2023 04:09:15'
}
{
  message: 'The server is created from the express instance',
  level: 'info',
  timestamp: '05-12-2023 04:09:22'
}
{
  message: '⭐⭐ Listening on http://localhost:5000 ⭐⭐',
  level: 'info',
  timestamp: '05-12-2023 04:09:22'
}
{
  message: '✅ Conectado a Mongodb',
  level: 'info',
  timestamp: '05-12-2023 04:09:22'
}
{
  message: 'The server is created from the express instance',
  level: 'info',
  timestamp: '05-12-2023 04:09:34'
}
{
  message: '⭐⭐ Listening on http://localhost:5000 ⭐⭐',
  level: 'info',
  timestamp: '05-12-2023 04:09:34'
}
{
  message: '✅ Conectado a Mongodb',
  level: 'info',
  timestamp: '05-12-2023 04:09:34'
}
{
  message: 'The server is created from the express instance',
  level: 'info',
  timestamp: '05-12-2023 04:09:59'
}
{
  message: '⭐⭐ Listening on http://localhost:5000 ⭐⭐',
  level: 'info',
  timestamp: '05-12-2023 04:09:59'
}
{
  message: '✅ Conectado a Mongodb',
  level: 'info',
  timestamp: '05-12-2023 04:09:59'
}
{
  message: 'The server is created from the express instance',
  level: 'info',
  timestamp: '05-12-2023 04:10:05'
}
{
  message: '⭐⭐ Listening on http://localhost:5000 ⭐⭐',
  level: 'info',
  timestamp: '05-12-2023 04:10:05'
}
{
  message: '✅ Conectado a Mongodb',
  level: 'info',
  timestamp: '05-12-2023 04:10:05'
}
{
  message: 'The server is created from the express instance',
  level: 'info',
  timestamp: '05-12-2023 04:10:07'
}
{
  message: '⭐⭐ Listening on http://localhost:5000 ⭐⭐',
  level: 'info',
  timestamp: '05-12-2023 04:10:07'
}
{
  message: '✅ Conectado a Mongodb',
  level: 'info',
  timestamp: '05-12-2023 04:10:07'
}
{
  message: 'The server is created from the express instance',
  level: 'info',
  timestamp: '05-12-2023 04:10:13'
}
{
  message: '⭐⭐ Listening on http://localhost:5000 ⭐⭐',
  level: 'info',
  timestamp: '05-12-2023 04:10:13'
}
{
  message: '✅ Conectado a Mongodb',
  level: 'info',
  timestamp: '05-12-2023 04:10:13'
}
{
  message: 'The server is created from the express instance',
  level: 'info',
  timestamp: '05-12-2023 04:10:22'
}
{
  message: '⭐⭐ Listening on http://localhost:5000 ⭐⭐',
  level: 'info',
  timestamp: '05-12-2023 04:10:22'
}
{
  message: '✅ Conectado a Mongodb',
  level: 'info',
  timestamp: '05-12-2023 04:10:22'
}
{
  message: 'The server is created from the express instance',
  level: 'info',
  timestamp: '05-12-2023 04:10:35'
}
{
  message: '⭐⭐ Listening on http://localhost:5000 ⭐⭐',
  level: 'info',
  timestamp: '05-12-2023 04:10:35'
}
{
  message: '✅ Conectado a Mongodb',
  level: 'info',
  timestamp: '05-12-2023 04:10:35'
}
{
  message: 'The server is created from the express instance',
  level: 'info',
  timestamp: '05-12-2023 04:10:52'
}
{
  message: '⭐⭐ Listening on http://localhost:5000 ⭐⭐',
  level: 'info',
  timestamp: '05-12-2023 04:10:52'
}
{
  message: '✅ Conectado a Mongodb',
  level: 'info',
  timestamp: '05-12-2023 04:10:52'
}
{
  message: '✅ Verificación de conexión a db existosa.',
  level: 'info',
  timestamp: '05-12-2023 04:11:18'
}
{
  message: 'Se entrega dashboard de proyectos',
  level: 'info',
  timestamp: '05-12-2023 04:11:18'
}
{
  message: 'GET /project 200 55.024 ms - 8099\n',
  level: 'info',
  timestamp: '05-12-2023 04:11:18'
}
{
  message: '✅ Verificación de conexión a db existosa.',
  level: 'info',
  timestamp: '05-12-2023 04:11:26'
}
{
  message: 'Se extraen datos de la petición: Autor a, Categoria: q, ISBN q, Descripcion q',
  level: 'info',
  timestamp: '05-12-2023 04:11:26'
}
{
  message: 'Se carga proyecto {\n' +
    "  Autor: 'a',\n" +
    "  Categoria: 'q',\n" +
    "  ISBN: 'q',\n" +
    "  Existencias: 'q',\n" +
    "  Descripcion: 'q',\n" +
    '  _id: new ObjectId("656ea2eebfee35bc847e2779"),\n' +
    '  __v: 0\n' +
    '}',
  level: 'info',
  timestamp: '05-12-2023 04:11:26'
}
{
  message: 'Se redirecciona el sistema a /project',
  level: 'info',
  timestamp: '05-12-2023 04:11:26'
}
{
  message: 'POST /project/add 302 74.145 ms - 60\n',
  level: 'info',
  timestamp: '05-12-2023 04:11:26'
}
{
  message: '✅ Verificación de conexión a db existosa.',
  level: 'info',
  timestamp: '05-12-2023 04:11:26'
}
{
  message: 'Se entrega dashboard de proyectos',
  level: 'info',
  timestamp: '05-12-2023 04:11:26'
}
{
  message: 'GET /project 200 18.937 ms - 8415\n',
  level: 'info',
  timestamp: '05-12-2023 04:11:26'
}
{
  message: '✅ Verificación de conexión a db existosa.',
  level: 'info',
  timestamp: '05-12-2023 04:11:33'
}
{
  message: 'GET /project/add 200 36.665 ms - 10222\n',
  level: 'info',
  timestamp: '05-12-2023 04:11:33'
}
{
  message: '✅ Verificación de conexión a db existosa.',
  level: 'info',
  timestamp: '05-12-2023 04:19:37'
}
{
  message: 'GET /project/add 200 20.560 ms - 4816\n',
  level: 'info',
  timestamp: '05-12-2023 04:19:37'
}
{
  message: '✅ Verificación de conexión a db existosa.',
  level: 'info',
  timestamp: '05-12-2023 04:19:43'
}
{
  message: 'GET /project/add 200 10.064 ms - 4816\n',
  level: 'info',
  timestamp: '05-12-2023 04:19:43'
}
{
  message: '✅ Verificación de conexión a db existosa.',
  level: 'info',
  timestamp: '05-12-2023 04:19:46'
}
{
  message: 'Se entrega dashboard de proyectos',
  level: 'info',
  timestamp: '05-12-2023 04:19:46'
}
{
  message: 'GET /project 200 15.174 ms - 8099\n',
  level: 'info',
  timestamp: '05-12-2023 04:19:46'
}
{
  message: '✅ Verificación de conexión a db existosa.',
  level: 'info',
  timestamp: '05-12-2023 04:19:52'
}
{
  message: 'Se extraen datos de la petición: Autor s, Categoria: s, ISBN s, Descripcion s',
  level: 'info',
  timestamp: '05-12-2023 04:19:52'
}
{
  message: 'Se carga proyecto {\n' +
    "  Autor: 's',\n" +
    "  Categoria: 's',\n" +
    "  ISBN: 's',\n" +
    "  Existencias: 's',\n" +
    "  Descripcion: 's',\n" +
    '  _id: new ObjectId("656ea4e8bfee35bc847e277d"),\n' +
    '  __v: 0\n' +
    '}',
  level: 'info',
  timestamp: '05-12-2023 04:19:52'
}
{
  message: 'Se redirecciona el sistema a /project',
  level: 'info',
  timestamp: '05-12-2023 04:19:52'
}
{
  message: 'POST /project/add 302 15.589 ms - 60\n',
  level: 'info',
  timestamp: '05-12-2023 04:19:52'
}
{
  message: '✅ Verificación de conexión a db existosa.',
  level: 'info',
  timestamp: '05-12-2023 04:19:52'
}
{
  message: 'Se entrega dashboard de proyectos',
  level: 'info',
  timestamp: '05-12-2023 04:19:52'
}
{
  message: 'GET /project 200 38.510 ms - 8415\n',
  level: 'info',
  timestamp: '05-12-2023 04:19:52'
}
{
  message: '✅ Verificación de conexión a db existosa.',
  level: 'info',
  timestamp: '05-12-2023 04:19:54'
}
{
  message: 'GET /project/add 200 17.494 ms - 4816\n',
  level: 'info',
  timestamp: '05-12-2023 04:19:55'
}
{
  message: '✅ Verificación de conexión a db existosa.',
  level: 'info',
  timestamp: '05-12-2023 04:19:57'
}
{
  message: 'GET /project/add 304 27.045 ms - -\n',
  level: 'info',
  timestamp: '05-12-2023 04:19:57'
}
{
  message: '✅ Verificación de conexión a db existosa.',
  level: 'info',
  timestamp: '05-12-2023 04:22:05'
}
{
  message: 'GET /project/add 200 16.192 ms - 8099\n',
  level: 'info',
  timestamp: '05-12-2023 04:22:05'
}
{
  message: '✅ Verificación de conexión a db existosa.',
  level: 'info',
  timestamp: '05-12-2023 04:22:08'
}
{
  message: 'GET / 200 9.631 ms - 5374\n',
  level: 'info',
  timestamp: '05-12-2023 04:22:08'
}
{
  message: '✅ Verificación de conexión a db existosa.',
  level: 'info',
  timestamp: '05-12-2023 04:22:10'
}
{
  message: 'GET /project/add 200 13.021 ms - 8099\n',
  level: 'info',
  timestamp: '05-12-2023 04:22:10'
}
{
  message: '✅ Verificación de conexión a db existosa.',
  level: 'info',
  timestamp: '05-12-2023 04:22:17'
}
{
  message: 'Se extraen datos de la petición: Autor s, Categoria: s, ISBN s, Descripcion s',
  level: 'info',
  timestamp: '05-12-2023 04:22:17'
}
{
  message: 'Se carga proyecto {\n' +
    "  Autor: 's',\n" +
    "  Categoria: 's',\n" +
    "  ISBN: 's',\n" +
    "  Existencias: 's',\n" +
    "  Descripcion: 's',\n" +
    '  _id: new ObjectId("656ea579bfee35bc847e2780"),\n' +
    '  __v: 0\n' +
    '}',
  level: 'info',
  timestamp: '05-12-2023 04:22:17'
}
{
  message: 'Se redirecciona el sistema a /project',
  level: 'info',
  timestamp: '05-12-2023 04:22:17'
}
{
  message: 'POST /project/add 302 16.930 ms - 60\n',
  level: 'info',
  timestamp: '05-12-2023 04:22:17'
}
{
  message: '✅ Verificación de conexión a db existosa.',
  level: 'info',
  timestamp: '05-12-2023 04:22:18'
}
{
  message: 'Se entrega dashboard de proyectos',
  level: 'info',
  timestamp: '05-12-2023 04:22:18'
}
{
  message: 'GET /project 200 11.467 ms - 7444\n',
  level: 'info',
  timestamp: '05-12-2023 04:22:18'
}
{
  message: '✅ Verificación de conexión a db existosa.',
  level: 'info',
  timestamp: '05-12-2023 04:25:12'
}
{
  message: 'Se inicia la busqueda del proyecto con el id: 656ea2eebfee35bc847e2779',
  level: 'info',
  timestamp: '05-12-2023 04:25:12'
}
{
  message: 'Proyecto encontrado con el id: 656ea2eebfee35bc847e2779',
  level: 'info',
  timestamp: '05-12-2023 04:25:12'
}
{
  message: 'GET /project/edit/656ea2eebfee35bc847e2779 200 28.305 ms - 6589\n',
  level: 'info',
  timestamp: '05-12-2023 04:25:12'
}
{
  message: '✅ Verificación de conexión a db existosa.',
  level: 'info',
  timestamp: '05-12-2023 04:25:12'
}
{
  message: 'GET /images/addproject.png 404 3.587 ms - 160\n',
  level: 'info',
  timestamp: '05-12-2023 04:25:12'
}
{
  message: '✅ Verificación de conexión a db existosa.',
  level: 'info',
  timestamp: '05-12-2023 04:25:21'
}
{
  message: 'Se entrega dashboard de proyectos',
  level: 'info',
  timestamp: '05-12-2023 04:25:21'
}
{
  message: 'GET /project 200 17.034 ms - 7128\n',
  level: 'info',
  timestamp: '05-12-2023 04:25:21'
}
{
  message: '✅ Verificación de conexión a db existosa.',
  level: 'info',
  timestamp: '05-12-2023 04:27:51'
}
{
  message: 'Se entrega dashboard de proyectos',
  level: 'info',
  timestamp: '05-12-2023 04:27:51'
}
{
  message: 'GET /project 200 11.417 ms - 7071\n',
  level: 'info',
  timestamp: '05-12-2023 04:27:51'
}
{
  message: '✅ Verificación de conexión a db existosa.',
  level: 'info',
  timestamp: '05-12-2023 04:28:59'
}
{
  message: 'Se entrega dashboard de proyectos',
  level: 'info',
  timestamp: '05-12-2023 04:28:59'
}
{
  message: 'GET /project 200 22.068 ms - 7071\n',
  level: 'info',
  timestamp: '05-12-2023 04:28:59'
}
{
  message: '✅ Verificación de conexión a db existosa.',
  level: 'info',
  timestamp: '05-12-2023 04:29:06'
}
{
  message: 'Se entrega dashboard de proyectos',
  level: 'info',
  timestamp: '05-12-2023 04:29:06'
}
{
  message: 'GET /project 200 12.055 ms - 7071\n',
  level: 'info',
  timestamp: '05-12-2023 04:29:06'
}
{
  message: '✅ Verificación de conexión a db existosa.',
  level: 'info',
  timestamp: '05-12-2023 04:29:09'
}
{
  message: 'Se entrega dashboard de proyectos',
  level: 'info',
  timestamp: '05-12-2023 04:29:09'
}
{
  message: 'GET /project 304 17.236 ms - -\n',
  level: 'info',
  timestamp: '05-12-2023 04:29:09'
}
{
  message: '✅ Verificación de conexión a db existosa.',
  level: 'info',
  timestamp: '05-12-2023 04:29:11'
}
{
  message: 'Se entrega dashboard de proyectos',
  level: 'info',
  timestamp: '05-12-2023 04:29:11'
}
{
  message: 'GET /project 304 11.965 ms - -\n',
  level: 'info',
  timestamp: '05-12-2023 04:29:11'
}
{
  message: '✅ Verificación de conexión a db existosa.',
  level: 'info',
  timestamp: '05-12-2023 04:29:12'
}
{
  message: 'GET / 304 9.023 ms - -\n',
  level: 'info',
  timestamp: '05-12-2023 04:29:12'
}
{
  message: '✅ Verificación de conexión a db existosa.',
  level: 'info',
  timestamp: '05-12-2023 04:29:14'
}
{
  message: 'GET /project/add 200 11.936 ms - 8099\n',
  level: 'info',
  timestamp: '05-12-2023 04:29:14'
}
{
  message: '✅ Verificación de conexión a db existosa.',
  level: 'info',
  timestamp: '05-12-2023 04:29:18'
}
{
  message: 'GET /project/add 304 15.162 ms - -\n',
  level: 'info',
  timestamp: '05-12-2023 04:29:18'
}
{
  message: '✅ Verificación de conexión a db existosa.',
  level: 'info',
  timestamp: '05-12-2023 04:29:20'
}
{
  message: 'Se entrega dashboard de proyectos',
  level: 'info',
  timestamp: '05-12-2023 04:29:20'
}
{
  message: 'GET /project 304 14.877 ms - -\n',
  level: 'info',
  timestamp: '05-12-2023 04:29:20'
}
{
  message: '✅ Verificación de conexión a db existosa.',
  level: 'info',
  timestamp: '05-12-2023 04:29:24'
}
{
  message: 'Se entrega dashboard de proyectos',
  level: 'info',
  timestamp: '05-12-2023 04:29:24'
}
{
  message: 'GET /project 304 13.541 ms - -\n',
  level: 'info',
  timestamp: '05-12-2023 04:29:24'
}
{
  message: '✅ Verificación de conexión a db existosa.',
  level: 'info',
  timestamp: '05-12-2023 04:29:26'
}
{
  message: 'GET /project/add 304 9.301 ms - -\n',
  level: 'info',
  timestamp: '05-12-2023 04:29:26'
}
{
  message: '✅ Verificación de conexión a db existosa.',
  level: 'info',
  timestamp: '05-12-2023 04:29:31'
}
{
  message: 'Se entrega dashboard de proyectos',
  level: 'info',
  timestamp: '05-12-2023 04:29:31'
}
{
  message: 'GET /project 304 19.064 ms - -\n',
  level: 'info',
  timestamp: '05-12-2023 04:29:31'
}
{
  message: '✅ Verificación de conexión a db existosa.',
  level: 'info',
  timestamp: '05-12-2023 04:30:06'
}
{
  message: 'Se entrega dashboard de proyectos',
  level: 'info',
  timestamp: '05-12-2023 04:30:06'
}
{
  message: 'GET /project 200 15.134 ms - 7070\n',
  level: 'info',
  timestamp: '05-12-2023 04:30:06'
}
{
  message: '✅ Verificación de conexión a db existosa.',
  level: 'info',
  timestamp: '05-12-2023 04:30:08'
}
{
  message: 'Se entrega dashboard de proyectos',
  level: 'info',
  timestamp: '05-12-2023 04:30:08'
}
{
  message: 'GET /project 200 12.440 ms - 7070\n',
  level: 'info',
  timestamp: '05-12-2023 04:30:08'
}
{
  message: '✅ Verificación de conexión a db existosa.',
  level: 'info',
  timestamp: '05-12-2023 04:30:10'
}
{
  message: 'GET /project/add 200 22.290 ms - 8098\n',
  level: 'info',
  timestamp: '05-12-2023 04:30:10'
}
{
  message: 'The server is created from the express instance',
  level: 'info',
  timestamp: '05-12-2023 04:34:18'
}
{
  message: '⭐⭐ Listening on http://localhost:5000 ⭐⭐',
  level: 'info',
  timestamp: '05-12-2023 04:34:18'
}
{
  message: '✅ Conectado a Mongodb',
  level: 'info',
  timestamp: '05-12-2023 04:34:19'
}
{
  message: 'The server is created from the express instance',
  level: 'info',
  timestamp: '05-12-2023 04:34:23'
}
{
  message: '⭐⭐ Listening on http://localhost:5000 ⭐⭐',
  level: 'info',
  timestamp: '05-12-2023 04:34:23'
}
{
  message: '✅ Conectado a Mongodb',
  level: 'info',
  timestamp: '05-12-2023 04:34:23'
}
{
  message: 'The server is created from the express instance',
  level: 'info',
  timestamp: '05-12-2023 04:34:26'
}
{
  message: '⭐⭐ Listening on http://localhost:5000 ⭐⭐',
  level: 'info',
  timestamp: '05-12-2023 04:34:26'
}
{
  message: '✅ Conectado a Mongodb',
  level: 'info',
  timestamp: '05-12-2023 04:34:26'
}
{
  message: '✅ Verificación de conexión a db existosa.',
  level: 'info',
  timestamp: '05-12-2023 04:34:28'
}
{
  message: 'GET /main.286361e27afae0ea83a4.hot-update.json 404 9.680 ms - 180\n',
  level: 'info',
  timestamp: '05-12-2023 04:34:28'
}
{
  message: '✅ Verificación de conexión a db existosa.',
  level: 'info',
  timestamp: '05-12-2023 04:34:29'
}
{
  message: 'GET /project/add 200 47.870 ms - 8623\n',
  level: 'info',
  timestamp: '05-12-2023 04:34:29'
}
{
  message: 'The server is created from the express instance',
  level: 'info',
  timestamp: '05-12-2023 04:34:36'
}
{
  message: '⭐⭐ Listening on http://localhost:5000 ⭐⭐',
  level: 'info',
  timestamp: '05-12-2023 04:34:36'
}
{
  message: '✅ Conectado a Mongodb',
  level: 'info',
  timestamp: '05-12-2023 04:34:36'
}
{
  message: '✅ Verificación de conexión a db existosa.',
  level: 'info',
  timestamp: '05-12-2023 04:34:38'
}
{
  message: 'GET /main.4b8dd699548de1f1f2e6.hot-update.json 404 11.922 ms - 180\n',
  level: 'info',
  timestamp: '05-12-2023 04:34:38'
}
{
  message: '✅ Verificación de conexión a db existosa.',
  level: 'info',
  timestamp: '05-12-2023 04:34:38'
}
{
  message: 'GET /project/add 304 40.027 ms - -\n',
  level: 'info',
  timestamp: '05-12-2023 04:34:38'
}
{
  message: 'The server is created from the express instance',
  level: 'info',
  timestamp: '05-12-2023 04:34:51'
}
{
  message: '⭐⭐ Listening on http://localhost:5000 ⭐⭐',
  level: 'info',
  timestamp: '05-12-2023 04:34:51'
}
{
  message: '✅ Conectado a Mongodb',
  level: 'info',
  timestamp: '05-12-2023 04:34:51'
}
{
  message: '✅ Verificación de conexión a db existosa.',
  level: 'info',
  timestamp: '05-12-2023 04:34:53'
}
{
  message: 'GET /main.548e592bbfefea458d3d.hot-update.json 404 11.387 ms - 180\n',
  level: 'info',
  timestamp: '05-12-2023 04:34:53'
}
{
  message: '✅ Verificación de conexión a db existosa.',
  level: 'info',
  timestamp: '05-12-2023 04:34:54'
}
{
  message: 'GET /project/add 304 80.441 ms - -\n',
  level: 'info',
  timestamp: '05-12-2023 04:34:54'
}
{
  message: 'The server is created from the express instance',
  level: 'info',
  timestamp: '05-12-2023 04:34:56'
}
{
  message: '⭐⭐ Listening on http://localhost:5000 ⭐⭐',
  level: 'info',
  timestamp: '05-12-2023 04:34:56'
}
{
  message: '✅ Conectado a Mongodb',
  level: 'info',
  timestamp: '05-12-2023 04:34:56'
}
{
  message: 'The server is created from the express instance',
  level: 'info',
  timestamp: '05-12-2023 04:35:05'
}
{
  message: '⭐⭐ Listening on http://localhost:5000 ⭐⭐',
  level: 'info',
  timestamp: '05-12-2023 04:35:05'
}
{
  message: '✅ Conectado a Mongodb',
  level: 'info',
  timestamp: '05-12-2023 04:35:05'
}
{
  message: 'The server is created from the express instance',
  level: 'info',
  timestamp: '05-12-2023 04:35:10'
}
{
  message: '⭐⭐ Listening on http://localhost:5000 ⭐⭐',
  level: 'info',
  timestamp: '05-12-2023 04:35:10'
}
{
  message: '✅ Conectado a Mongodb',
  level: 'info',
  timestamp: '05-12-2023 04:35:10'
}
{
  message: 'The server is created from the express instance',
  level: 'info',
  timestamp: '05-12-2023 04:35:15'
}
{
  message: '⭐⭐ Listening on http://localhost:5000 ⭐⭐',
  level: 'info',
  timestamp: '05-12-2023 04:35:15'
}
{
  message: '✅ Conectado a Mongodb',
  level: 'info',
  timestamp: '05-12-2023 04:35:15'
}
{
  message: 'The server is created from the express instance',
  level: 'info',
  timestamp: '05-12-2023 04:35:22'
}
{
  message: '⭐⭐ Listening on http://localhost:5000 ⭐⭐',
  level: 'info',
  timestamp: '05-12-2023 04:35:22'
}
{
  message: '✅ Conectado a Mongodb',
  level: 'info',
  timestamp: '05-12-2023 04:35:22'
}
{
  message: 'The server is created from the express instance',
  level: 'info',
  timestamp: '05-12-2023 04:35:24'
}
{
  message: '⭐⭐ Listening on http://localhost:5000 ⭐⭐',
  level: 'info',
  timestamp: '05-12-2023 04:35:24'
}
{
  message: '✅ Conectado a Mongodb',
  level: 'info',
  timestamp: '05-12-2023 04:35:24'
}
{
  message: 'The server is created from the express instance',
  level: 'info',
  timestamp: '05-12-2023 04:35:30'
}
{
  message: '⭐⭐ Listening on http://localhost:5000 ⭐⭐',
  level: 'info',
  timestamp: '05-12-2023 04:35:30'
}
{
  message: '✅ Conectado a Mongodb',
  level: 'info',
  timestamp: '05-12-2023 04:35:31'
}
{
  message: 'The server is created from the express instance',
  level: 'info',
  timestamp: '05-12-2023 04:35:34'
}
{
  message: '⭐⭐ Listening on http://localhost:5000 ⭐⭐',
  level: 'info',
  timestamp: '05-12-2023 04:35:34'
}
{
  message: '✅ Conectado a Mongodb',
  level: 'info',
  timestamp: '05-12-2023 04:35:34'
}
{
  message: 'The server is created from the express instance',
  level: 'info',
  timestamp: '05-12-2023 04:35:36'
}
{
  message: '⭐⭐ Listening on http://localhost:5000 ⭐⭐',
  level: 'info',
  timestamp: '05-12-2023 04:35:36'
}
{
  message: '✅ Conectado a Mongodb',
  level: 'info',
  timestamp: '05-12-2023 04:35:36'
}
{
  message: 'The server is created from the express instance',
  level: 'info',
  timestamp: '05-12-2023 04:35:39'
}
{
  message: '⭐⭐ Listening on http://localhost:5000 ⭐⭐',
  level: 'info',
  timestamp: '05-12-2023 04:35:39'
}
{
  message: '✅ Conectado a Mongodb',
  level: 'info',
  timestamp: '05-12-2023 04:35:39'
}
{
  message: 'The server is created from the express instance',
  level: 'info',
  timestamp: '05-12-2023 04:36:00'
}
{
  message: '⭐⭐ Listening on http://localhost:5000 ⭐⭐',
  level: 'info',
  timestamp: '05-12-2023 04:36:00'
}
{
  message: '✅ Conectado a Mongodb',
  level: 'info',
  timestamp: '05-12-2023 04:36:00'
}
{
  message: 'The server is created from the express instance',
  level: 'info',
  timestamp: '05-12-2023 04:36:13'
}
{
  message: '⭐⭐ Listening on http://localhost:5000 ⭐⭐',
  level: 'info',
  timestamp: '05-12-2023 04:36:13'
}
{
  message: '✅ Conectado a Mongodb',
  level: 'info',
  timestamp: '05-12-2023 04:36:13'
}
{
  message: 'The server is created from the express instance',
  level: 'info',
  timestamp: '05-12-2023 04:36:20'
}
{
  message: '⭐⭐ Listening on http://localhost:5000 ⭐⭐',
  level: 'info',
  timestamp: '05-12-2023 04:36:20'
}
{
  message: '✅ Conectado a Mongodb',
  level: 'info',
  timestamp: '05-12-2023 04:36:20'
}
{
  message: 'The server is created from the express instance',
  level: 'info',
  timestamp: '05-12-2023 04:36:28'
}
{
  message: '⭐⭐ Listening on http://localhost:5000 ⭐⭐',
  level: 'info',
  timestamp: '05-12-2023 04:36:28'
}
{
  message: '✅ Conectado a Mongodb',
  level: 'info',
  timestamp: '05-12-2023 04:36:28'
}
{
  message: '✅ Verificación de conexión a db existosa.',
  level: 'info',
  timestamp: '05-12-2023 04:36:34'
}
{
  message: 'GET /project/add 200 81.445 ms - 8623\n',
  level: 'info',
  timestamp: '05-12-2023 04:36:35'
}
{
  message: '✅ Verificación de conexión a db existosa.',
  level: 'info',
  timestamp: '05-12-2023 04:37:17'
}
{
  message: 'Se extraen datos de la petición: Nombre Don Quijote  ,Autor Manchas, Categoria: Aventuras, ISBN 12121212, Descripcion Aventuras locas ',
  level: 'info',
  timestamp: '05-12-2023 04:37:17'
}
{
  message: 'Se carga proyecto {\n' +
    "  Nombre: 'Don Quijote ',\n" +
    "  Autor: 'Manchas',\n" +
    "  Categoria: 'Aventuras',\n" +
    "  ISBN: '12121212',\n" +
    "  Existencias: '2',\n" +
    "  Descripcion: 'Aventuras locas',\n" +
    '  _id: new ObjectId("656ea8fdc82960b272b6a587"),\n' +
    '  __v: 0\n' +
    '}',
  level: 'info',
  timestamp: '05-12-2023 04:37:17'
}
{
  message: 'Se redirecciona el sistema a /project',
  level: 'info',
  timestamp: '05-12-2023 04:37:17'
}
{
  message: 'POST /project/add 302 29.496 ms - 60\n',
  level: 'info',
  timestamp: '05-12-2023 04:37:17'
}
{
  message: '✅ Verificación de conexión a db existosa.',
  level: 'info',
  timestamp: '05-12-2023 04:37:17'
}
{
  message: 'Se entrega dashboard de proyectos',
  level: 'info',
  timestamp: '05-12-2023 04:37:17'
}
{
  message: 'GET /project 200 51.353 ms - 8187\n',
  level: 'info',
  timestamp: '05-12-2023 04:37:17'
}
{
  message: '✅ Verificación de conexión a db existosa.',
  level: 'info',
  timestamp: '05-12-2023 04:42:14'
}
{
  message: 'Se entrega dashboard de proyectos',
  level: 'info',
  timestamp: '05-12-2023 04:42:14'
}
{
  message: 'GET /project 200 36.037 ms - 7895\n',
  level: 'info',
  timestamp: '05-12-2023 04:42:14'
}
{
  message: '✅ Verificación de conexión a db existosa.',
  level: 'info',
  timestamp: '05-12-2023 04:42:36'
}
{
  message: 'Se entrega dashboard de proyectos',
  level: 'info',
  timestamp: '05-12-2023 04:42:36'
}
{
  message: 'GET /project 200 17.882 ms - 7911\n',
  level: 'info',
  timestamp: '05-12-2023 04:42:36'
}
{
  message: '✅ Verificación de conexión a db existosa.',
  level: 'info',
  timestamp: '05-12-2023 04:42:51'
}
{
  message: 'Se entrega dashboard de proyectos',
  level: 'info',
  timestamp: '05-12-2023 04:42:51'
}
{
  message: 'GET /project 200 36.603 ms - 7871\n',
  level: 'info',
  timestamp: '05-12-2023 04:42:51'
}
{
  message: '✅ Verificación de conexión a db existosa.',
  level: 'info',
  timestamp: '05-12-2023 04:43:48'
}
{
  message: 'Se entrega dashboard de proyectos',
  level: 'info',
  timestamp: '05-12-2023 04:43:48'
}
{
  message: 'GET /project 200 55.728 ms - 7887\n',
  level: 'info',
  timestamp: '05-12-2023 04:43:49'
}
{
  message: '✅ Verificación de conexión a db existosa.',
  level: 'info',
  timestamp: '05-12-2023 04:45:35'
}
{
  message: 'Se entrega dashboard de proyectos',
  level: 'info',
  timestamp: '05-12-2023 04:45:35'
}
{
  message: 'GET /project 200 14.745 ms - 7871\n',
  level: 'info',
  timestamp: '05-12-2023 04:45:36'
}
{
  message: '✅ Verificación de conexión a db existosa.',
  level: 'info',
  timestamp: '05-12-2023 04:46:01'
}
{
  message: 'Se entrega dashboard de proyectos',
  level: 'info',
  timestamp: '05-12-2023 04:46:01'
}
{
  message: 'GET /project 200 12.691 ms - 7915\n',
  level: 'info',
  timestamp: '05-12-2023 04:46:01'
}
{
  message: '✅ Verificación de conexión a db existosa.',
  level: 'info',
  timestamp: '05-12-2023 04:46:05'
}
{
  message: 'Se entrega dashboard de proyectos',
  level: 'info',
  timestamp: '05-12-2023 04:46:05'
}
{
  message: 'GET /project 304 15.518 ms - -\n',
  level: 'info',
  timestamp: '05-12-2023 04:46:05'
}
{
  message: '✅ Verificación de conexión a db existosa.',
  level: 'info',
  timestamp: '05-12-2023 04:46:26'
}
{
  message: 'Se entrega dashboard de proyectos',
  level: 'info',
  timestamp: '05-12-2023 04:46:26'
}
{
  message: 'GET /project 200 33.783 ms - 7887\n',
  level: 'info',
  timestamp: '05-12-2023 04:46:26'
}
{
  message: '✅ Verificación de conexión a db existosa.',
  level: 'info',
  timestamp: '05-12-2023 04:46:51'
}
{
  message: 'Se entrega dashboard de proyectos',
  level: 'info',
  timestamp: '05-12-2023 04:46:51'
}
{
  message: 'GET /project 200 14.705 ms - 7843\n',
  level: 'info',
  timestamp: '05-12-2023 04:46:51'
}
{
  message: '✅ Verificación de conexión a db existosa.',
  level: 'info',
  timestamp: '05-12-2023 04:49:08'
}
{
  message: 'Se entrega dashboard de proyectos',
  level: 'info',
  timestamp: '05-12-2023 04:49:08'
}
{
  message: 'GET /project 200 21.733 ms - 7811\n',
  level: 'info',
  timestamp: '05-12-2023 04:49:08'
}
{
  message: '✅ Verificación de conexión a db existosa.',
  level: 'info',
  timestamp: '05-12-2023 04:49:21'
}
{
  message: 'Se entrega dashboard de proyectos',
  level: 'info',
  timestamp: '05-12-2023 04:49:21'
}
{
  message: 'GET /project 200 19.694 ms - 7811\n',
  level: 'info',
  timestamp: '05-12-2023 04:49:21'
}
{
  message: '✅ Verificación de conexión a db existosa.',
  level: 'info',
  timestamp: '05-12-2023 04:49:39'
}
{
  message: 'Se entrega dashboard de proyectos',
  level: 'info',
  timestamp: '05-12-2023 04:49:39'
}
{
  message: 'GET /project 200 14.955 ms - 7815\n',
  level: 'info',
  timestamp: '05-12-2023 04:49:39'
}
{
  message: '✅ Verificación de conexión a db existosa.',
  level: 'info',
  timestamp: '05-12-2023 04:53:19'
}
{
  message: 'Se entrega dashboard de proyectos',
  level: 'info',
  timestamp: '05-12-2023 04:53:19'
}
{
  message: 'GET /project 200 11.268 ms - 7879\n',
  level: 'info',
  timestamp: '05-12-2023 04:53:19'
}
{
  message: '✅ Verificación de conexión a db existosa.',
  level: 'info',
  timestamp: '05-12-2023 04:53:44'
}
{
  message: 'Se entrega dashboard de proyectos',
  level: 'info',
  timestamp: '05-12-2023 04:53:44'
}
{
  message: 'GET /project 200 10.765 ms - 7863\n',
  level: 'info',
  timestamp: '05-12-2023 04:53:44'
}
{
  message: '✅ Verificación de conexión a db existosa.',
  level: 'info',
  timestamp: '05-12-2023 04:53:53'
}
{
  message: 'Se entrega dashboard de proyectos',
  level: 'info',
  timestamp: '05-12-2023 04:53:53'
}
{
  message: 'GET /project 200 16.964 ms - 7839\n',
  level: 'info',
  timestamp: '05-12-2023 04:53:53'
}
{
  message: '✅ Verificación de conexión a db existosa.',
  level: 'info',
  timestamp: '05-12-2023 04:54:19'
}
{
  message: 'Se entrega dashboard de proyectos',
  level: 'info',
  timestamp: '05-12-2023 04:54:19'
}
{
  message: 'GET /project 200 12.157 ms - 7719\n',
  level: 'info',
  timestamp: '05-12-2023 04:54:20'
}
{
  message: '✅ Verificación de conexión a db existosa.',
  level: 'info',
  timestamp: '05-12-2023 04:54:38'
}
{
  message: 'Se entrega dashboard de proyectos',
  level: 'info',
  timestamp: '05-12-2023 04:54:38'
}
{
  message: 'GET /project 200 22.581 ms - 7751\n',
  level: 'info',
  timestamp: '05-12-2023 04:54:38'
}
{
  message: '✅ Verificación de conexión a db existosa.',
  level: 'info',
  timestamp: '05-12-2023 04:57:23'
}
{
  message: 'Se entrega dashboard de proyectos',
  level: 'info',
  timestamp: '05-12-2023 04:57:23'
}
{
  message: 'GET /project 200 12.490 ms - 7775\n',
  level: 'info',
  timestamp: '05-12-2023 04:57:23'
}
{
  message: '✅ Verificación de conexión a db existosa.',
  level: 'info',
  timestamp: '05-12-2023 04:58:07'
}
{
  message: 'Se entrega dashboard de proyectos',
  level: 'info',
  timestamp: '05-12-2023 04:58:07'
}
{
  message: 'GET /project 200 11.086 ms - 7875\n',
  level: 'info',
  timestamp: '05-12-2023 04:58:07'
}
{
  message: '✅ Verificación de conexión a db existosa.',
  level: 'info',
  timestamp: '05-12-2023 04:59:05'
}
{
  message: 'Se entrega dashboard de proyectos',
  level: 'info',
  timestamp: '05-12-2023 04:59:05'
}
{
  message: 'GET /project 200 17.508 ms - 7871\n',
  level: 'info',
  timestamp: '05-12-2023 04:59:05'
}
{
  message: '✅ Verificación de conexión a db existosa.',
  level: 'info',
  timestamp: '05-12-2023 04:59:21'
}
{
  message: 'Se entrega dashboard de proyectos',
  level: 'info',
  timestamp: '05-12-2023 04:59:21'
}
{
  message: 'GET /project 200 9.767 ms - 7879\n',
  level: 'info',
  timestamp: '05-12-2023 04:59:21'
}
{
  message: '✅ Verificación de conexión a db existosa.',
  level: 'info',
  timestamp: '05-12-2023 05:01:59'
}
{
  message: 'Se entrega dashboard de proyectos',
  level: 'info',
  timestamp: '05-12-2023 05:01:59'
}
{
  message: 'GET /project 200 23.917 ms - 7923\n',
  level: 'info',
  timestamp: '05-12-2023 05:01:59'
}
{
  message: '✅ Verificación de conexión a db existosa.',
  level: 'info',
  timestamp: '05-12-2023 05:03:31'
}
{
  message: 'Se entrega dashboard de proyectos',
  level: 'info',
  timestamp: '05-12-2023 05:03:31'
}
{
  message: 'GET /project 200 17.994 ms - 7924\n',
  level: 'info',
  timestamp: '05-12-2023 05:03:31'
}
{
  message: '✅ Verificación de conexión a db existosa.',
  level: 'info',
  timestamp: '05-12-2023 05:04:17'
}
{
  message: 'Se entrega dashboard de proyectos',
  level: 'info',
  timestamp: '05-12-2023 05:04:17'
}
{
  message: 'GET /project 200 11.873 ms - 7919\n',
  level: 'info',
  timestamp: '05-12-2023 05:04:17'
}
{
  message: '✅ Verificación de conexión a db existosa.',
  level: 'info',
  timestamp: '05-12-2023 05:06:02'
}
{
  message: 'GET / 200 25.166 ms - 5369\n',
  level: 'info',
  timestamp: '05-12-2023 05:06:02'
}
{
  message: '✅ Verificación de conexión a db existosa.',
  level: 'info',
  timestamp: '05-12-2023 05:06:05'
}
{
  message: 'GET /project/add 200 14.273 ms - 8619\n',
  level: 'info',
  timestamp: '05-12-2023 05:06:05'
}
{
  message: '✅ Verificación de conexión a db existosa.',
  level: 'info',
  timestamp: '05-12-2023 05:06:12'
}
{
  message: 'GET /project/add 304 13.860 ms - -\n',
  level: 'info',
  timestamp: '05-12-2023 05:06:12'
}
{
  message: '✅ Verificación de conexión a db existosa.',
  level: 'info',
  timestamp: '05-12-2023 05:06:14'
}
{
  message: 'Se entrega dashboard de proyectos',
  level: 'info',
  timestamp: '05-12-2023 05:06:14'
}
{
  message: 'GET /project 200 16.558 ms - 7919\n',
  level: 'info',
  timestamp: '05-12-2023 05:06:14'
}
{
  message: '✅ Verificación de conexión a db existosa.',
  level: 'info',
  timestamp: '05-12-2023 05:06:36'
}
{
  message: 'Se entrega dashboard de proyectos',
  level: 'info',
  timestamp: '05-12-2023 05:06:36'
}
{
  message: 'GET /project 200 10.885 ms - 7919\n',
  level: 'info',
  timestamp: '05-12-2023 05:06:36'
}
{
  message: '✅ Verificación de conexión a db existosa.',
  level: 'info',
  timestamp: '05-12-2023 05:07:44'
}
{
  message: 'Se entrega dashboard de proyectos',
  level: 'info',
  timestamp: '05-12-2023 05:07:44'
}
{
  message: 'GET /project 200 14.270 ms - 7936\n',
  level: 'info',
  timestamp: '05-12-2023 05:07:44'
}
{
  message: '✅ Verificación de conexión a db existosa.',
  level: 'info',
  timestamp: '05-12-2023 05:07:56'
}
{
  message: 'GET /about 200 12.172 ms - 5091\n',
  level: 'info',
  timestamp: '05-12-2023 05:07:56'
}
{
  message: '✅ Verificación de conexión a db existosa.',
  level: 'info',
  timestamp: '05-12-2023 05:08:01'
}
{
  message: 'GET / 200 11.641 ms - 5369\n',
  level: 'info',
  timestamp: '05-12-2023 05:08:01'
}
{
  message: '✅ Verificación de conexión a db existosa.',
  level: 'info',
  timestamp: '05-12-2023 05:08:02'
}
{
  message: 'GET /project/add 200 10.590 ms - 8619\n',
  level: 'info',
  timestamp: '05-12-2023 05:08:02'
}
