{"level":"info","message":"The server is created from the express instance","timestamp":"02-12-2023 04:18:45"}
{"level":"info","message":"⭐⭐ Listening on undefined:3000 ⭐⭐","timestamp":"02-12-2023 04:18:45"}
{"level":"info","message":"GET / 200 80.330 ms - 124\n","timestamp":"02-12-2023 04:18:53"}
{"level":"info","message":"404 Pagina no encontrada GET /favicon.ico","timestamp":"02-12-2023 04:18:53"}
{"level":"info","message":"GET /favicon.ico 404 4.682 ms - 2241\n","timestamp":"02-12-2023 04:18:53"}
{"level":"info","message":"GET / 304 2.466 ms - -\n","timestamp":"02-12-2023 04:22:11"}
{"level":"info","message":"GET / 200 1.643 ms - 124\n","timestamp":"02-12-2023 04:22:13"}
{"level":"info","message":"GET / 304 10.266 ms - -\n","timestamp":"02-12-2023 04:22:14"}
{"level":"info","message":"GET / 304 1.743 ms - -\n","timestamp":"02-12-2023 04:22:15"}
{"level":"info","message":"GET / 304 5.309 ms - -\n","timestamp":"02-12-2023 04:22:15"}
{"level":"info","message":"GET / 304 1.293 ms - -\n","timestamp":"02-12-2023 04:23:34"}
{"level":"info","message":"GET / 200 6.533 ms - 124\n","timestamp":"02-12-2023 04:23:34"}
{"level":"info","message":"GET / 304 1.478 ms - -\n","timestamp":"02-12-2023 04:23:35"}
{"level":"info","message":"GET / 304 20.541 ms - -\n","timestamp":"02-12-2023 04:23:35"}
{"level":"info","message":"GET / 304 1.211 ms - -\n","timestamp":"02-12-2023 04:25:33"}
{"level":"info","message":"GET / 200 1.167 ms - 124\n","timestamp":"02-12-2023 04:26:54"}
{
  message: 'The server is created from the express instance',
  level: 'info',
  timestamp: '03-12-2023 21:28:36'
}
{
  message: '⭐⭐ Listening on http://localhost:5000 ⭐⭐',
  level: 'info',
  timestamp: '03-12-2023 21:28:36'
}
{
  message: '✅ Conectado a Mongodb',
  level: 'info',
  timestamp: '03-12-2023 21:28:36'
}
{
  message: '✅ Verificación de conexión a db existosa.',
  level: 'info',
  timestamp: '03-12-2023 21:28:46'
}
{
  message: 'GET / 200 23.186 ms - 1015\n',
  level: 'info',
  timestamp: '03-12-2023 21:28:46'
}
{
  message: '✅ Verificación de conexión a db existosa.',
  level: 'info',
  timestamp: '03-12-2023 21:28:47'
}
{
  message: 'GET /favicon.ico 404 2.180 ms - 150\n',
  level: 'info',
  timestamp: '03-12-2023 21:28:47'
}
{
  message: 'The server is created from the express instance',
  level: 'info',
  timestamp: '03-12-2023 23:21:25'
}
{
  message: '⭐⭐ Listening on http://localhost:5000 ⭐⭐',
  level: 'info',
  timestamp: '03-12-2023 23:21:25'
}
{
  message: '✅ Conectado a Mongodb',
  level: 'info',
  timestamp: '03-12-2023 23:21:25'
}
{
  message: '✅ Verificación de conexión a db existosa.',
  level: 'info',
  timestamp: '03-12-2023 23:21:33'
}
{
  message: 'GET / 200 49.407 ms - 5192\n',
  level: 'info',
  timestamp: '03-12-2023 23:21:33'
}
{
  message: '✅ Verificación de conexión a db existosa.',
  level: 'info',
  timestamp: '03-12-2023 23:21:34'
}
{
  message: 'GET /favicon.png 404 14.672 ms - 150\n',
  level: 'info',
  timestamp: '03-12-2023 23:21:34'
}
{
  message: '✅ Verificación de conexión a db existosa.',
  level: 'info',
  timestamp: '03-12-2023 23:21:38'
}
{
  message: 'GET / 304 33.562 ms - -\n',
  level: 'info',
  timestamp: '03-12-2023 23:21:38'
}
{
  message: '✅ Verificación de conexión a db existosa.',
  level: 'info',
  timestamp: '03-12-2023 23:21:39'
}
{
  message: 'GET /about 200 19.263 ms - 5079\n',
  level: 'info',
  timestamp: '03-12-2023 23:21:39'
}
{
  message: '✅ Verificación de conexión a db existosa.',
  level: 'info',
  timestamp: '03-12-2023 23:21:42'
}
{
  message: 'Se entrega dashboard de proyectos',
  level: 'info',
  timestamp: '03-12-2023 23:21:42'
}
{
  message: 'GET /project 200 27.810 ms - 4720\n',
  level: 'info',
  timestamp: '03-12-2023 23:21:42'
}
{
  message: '✅ Verificación de conexión a db existosa.',
  level: 'info',
  timestamp: '03-12-2023 23:21:44'
}
{
  message: 'GET /project/add 200 22.817 ms - 6510\n',
  level: 'info',
  timestamp: '03-12-2023 23:21:44'
}
{
  message: '✅ Verificación de conexión a db existosa.',
  level: 'info',
  timestamp: '03-12-2023 23:21:45'
}
{
  message: 'GET /images/addproject.png 404 12.248 ms - 160\n',
  level: 'info',
  timestamp: '03-12-2023 23:21:45'
}
{
  message: '✅ Verificación de conexión a db existosa.',
  level: 'info',
  timestamp: '03-12-2023 23:21:48'
}
{
  message: 'Se entrega formulario de login',
  level: 'info',
  timestamp: '03-12-2023 23:21:48'
}
{
  message: 'GET /user/login 200 28.469 ms - 5730\n',
  level: 'info',
  timestamp: '03-12-2023 23:21:48'
}
{
  message: '✅ Verificación de conexión a db existosa.',
  level: 'info',
  timestamp: '03-12-2023 23:21:48'
}
{
  message: 'GET /images/project.jpg 404 2.279 ms - 157\n',
  level: 'info',
  timestamp: '03-12-2023 23:21:48'
}
{
  message: '✅ Verificación de conexión a db existosa.',
  level: 'info',
  timestamp: '03-12-2023 23:21:50'
}
{
  message: 'Se entrega formulario de registro',
  level: 'info',
  timestamp: '03-12-2023 23:21:50'
}
{
  message: 'GET /user/register 200 10.516 ms - 6434\n',
  level: 'info',
  timestamp: '03-12-2023 23:21:50'
}
{
  message: '✅ Verificación de conexión a db existosa.',
  level: 'info',
  timestamp: '03-12-2023 23:21:53'
}
{
  message: 'GET /user/logout 200 4.180 ms - 43\n',
  level: 'info',
  timestamp: '03-12-2023 23:21:53'
}
